#-----------------------------------------------------------
# Vivado v2019.1 (64-bit)
# SW Build 2552052 on Fri May 24 14:49:42 MDT 2019
# IP Build 2548770 on Fri May 24 18:01:18 MDT 2019
# Start of session at: Mon Aug 30 12:45:05 2021
# Process ID: 17012
# Current directory: C:/Users/OAkun/FloatingDivisionZybo
# Command line: vivado.exe -gui_launcher_event rodinguilauncherevent9036 C:\Users\OAkun\FloatingDivisionZybo\FloatingDivisionZybo.xpr
# Log file: C:/Users/OAkun/FloatingDivisionZybo/vivado.log
# Journal file: C:/Users/OAkun/FloatingDivisionZybo\vivado.jou
#-----------------------------------------------------------
start_gui
open_project C:/Users/OAkun/FloatingDivisionZybo/FloatingDivisionZybo.xpr
Scanning sources...
Finished scanning sources
INFO: [IP_Flow 19-234] Refreshing IP repositories
INFO: [IP_Flow 19-1704] No user IP repositories specified
INFO: [IP_Flow 19-2313] Loaded Vivado IP repository 'C:/Xilinx/Vivado/2019.1/data/ip'.
open_project: Time (s): cpu = 00:00:22 ; elapsed = 00:00:12 . Memory (MB): peak = 888.477 ; gain = 253.840
update_compile_order -fileset sources_1
launch_sdk -workspace C:/Users/OAkun/FloatingDivisionZybo/FloatingDivisionZybo.sdk -hwspec C:/Users/OAkun/FloatingDivisionZybo/FloatingDivisionZybo.sdk/FloatingPointDivision_wrapper.hdf
INFO: [Vivado 12-393] Launching SDK...
INFO: [Vivado 12-417] Running xsdk -workspace C:/Users/OAkun/FloatingDivisionZybo/FloatingDivisionZybo.sdk -hwspec C:/Users/OAkun/FloatingDivisionZybo/FloatingDivisionZybo.sdk/FloatingPointDivision_wrapper.hdf
INFO: [Vivado 12-3157] SDK launch initiated. Please check console for any further messages.
exit
INFO: [Common 17-206] Exiting Vivado at Mon Aug 30 12:48:17 2021...
