#-----------------------------------------------------------
# Vivado v2019.1 (64-bit)
# SW Build 2552052 on Fri May 24 14:49:42 MDT 2019
# IP Build 2548770 on Fri May 24 18:01:18 MDT 2019
# Start of session at: Fri Sep 17 18:36:11 2021
# Process ID: 9476
# Current directory: C:/Users/OAkun/Documents/GitHub/FPGADivision/FPDivZYBO/Project/FloatingDivisionZybo
# Command line: vivado.exe -gui_launcher_event rodinguilauncherevent13052 C:\Users\OAkun\Documents\GitHub\FPGADivision\FPDivZYBO\Project\FloatingDivisionZybo\FloatingDivisionZybo.xpr
# Log file: C:/Users/OAkun/Documents/GitHub/FPGADivision/FPDivZYBO/Project/FloatingDivisionZybo/vivado.log
# Journal file: C:/Users/OAkun/Documents/GitHub/FPGADivision/FPDivZYBO/Project/FloatingDivisionZybo\vivado.jou
#-----------------------------------------------------------
start_gui
open_project C:/Users/OAkun/Documents/GitHub/FPGADivision/FPDivZYBO/Project/FloatingDivisionZybo/FloatingDivisionZybo.xpr
INFO: [ProjectBase 1-489] The host OS only allows 260 characters in a normal path. The project is stored in a path with more than 80 characters. If you experience issues with IP, Block Designs, or files not being found, please consider moving the project to a location with a shorter path. Alternately consider using the OS subst command to map part of the path to a drive letter.
Current project path is 'C:/Users/OAkun/Documents/GitHub/FPGADivision/FPDivZYBO/Project/FloatingDivisionZybo'
INFO: [Project 1-313] Project file moved from 'C:/Users/OAkun/FloatingDivisionZybo' since last save.
Scanning sources...
Finished scanning sources
INFO: [filemgmt 56-1] Board Part Repository Path: Directory not found as 'C:/Users/OAkun/Documents/GitHub/FPGADivision/FPDivZYBO/Project/AppData/Roaming/Xilinx/Vivado/2019.1/xhub/board_store'; using path 'C:/Users/OAkun/AppData/Roaming/Xilinx/Vivado/2019.1/xhub/board_store' instead.
INFO: [IP_Flow 19-234] Refreshing IP repositories
INFO: [IP_Flow 19-1704] No user IP repositories specified
INFO: [IP_Flow 19-2313] Loaded Vivado IP repository 'C:/Xilinx/Vivado/2019.1/data/ip'.
open_project: Time (s): cpu = 00:00:25 ; elapsed = 00:00:26 . Memory (MB): peak = 935.754 ; gain = 301.184
update_compile_order -fileset sources_1
launch_sdk -workspace C:/Users/OAkun/Documents/GitHub/FPGADivision/FPDivZYBO/Project/FloatingDivisionZybo/FloatingDivisionZybo.sdk -hwspec C:/Users/OAkun/Documents/GitHub/FPGADivision/FPDivZYBO/Project/FloatingDivisionZybo/FloatingDivisionZybo.sdk/FloatingPointDivision_wrapper.hdf
INFO: [Vivado 12-393] Launching SDK...
INFO: [Vivado 12-417] Running xsdk -workspace C:/Users/OAkun/Documents/GitHub/FPGADivision/FPDivZYBO/Project/FloatingDivisionZybo/FloatingDivisionZybo.sdk -hwspec C:/Users/OAkun/Documents/GitHub/FPGADivision/FPDivZYBO/Project/FloatingDivisionZybo/FloatingDivisionZybo.sdk/FloatingPointDivision_wrapper.hdf
INFO: [Vivado 12-3157] SDK launch initiated. Please check console for any further messages.
exit
INFO: [Common 17-206] Exiting Vivado at Fri Sep 17 19:08:21 2021...
