#-----------------------------------------------------------
# Webtalk v2019.1 (64-bit)
# SW Build 2552052 on Fri May 24 14:49:42 MDT 2019
# 
# Start of session at: Tue Aug 24 19:41:13 2021
# Process ID: 17456
# Current directory: C:/Users/OAkun/Division/Division.sdk/webtalk
# Command line: wbtcv.exe -mode batch -source sdk_webtalk.tcl
# Log file: C:/Users/OAkun/Division/Division.sdk/webtalk/webtalk.log
# Journal file: C:/Users/OAkun/Division/Division.sdk/webtalk\webtalk.jou
#-----------------------------------------------------------
source sdk_webtalk.tcl
# webtalk_init -webtalk_dir C:\\Users\\OAkun\\Division\\Division.sdk\\webtalk
# webtalk_register_client -client project
# webtalk_add_data -client project -key date_generated -value "2021-08-24 19:41:10" -context "software_version_and_target_device"
# webtalk_add_data -client project -key product_version -value "SDK v2019.1" -context "software_version_and_target_device"
# webtalk_add_data -client project -key build_version -value "2019.1" -context "software_version_and_target_device"
# webtalk_add_data -client project -key os_platform -value "amd64" -context "software_version_and_target_device"
# webtalk_add_data -client project -key registration_id -value "" -context "software_version_and_target_device"
# webtalk_add_data -client project -key tool_flow -value "SDK" -context "software_version_and_target_device"
# webtalk_add_data -client project -key beta -value "false" -context "software_version_and_target_device"
# webtalk_add_data -client project -key route_design -value "NA" -context "software_version_and_target_device"
# webtalk_add_data -client project -key target_family -value "NA" -context "software_version_and_target_device"
# webtalk_add_data -client project -key target_device -value "NA" -context "software_version_and_target_device"
# webtalk_add_data -client project -key target_package -value "NA" -context "software_version_and_target_device"
# webtalk_add_data -client project -key target_speed -value "NA" -context "software_version_and_target_device"
# webtalk_add_data -client project -key random_id -value "tn3nioo1jf1of6ln4eeqvarb2g" -context "software_version_and_target_device"
# webtalk_add_data -client project -key project_id -value "2019.1_46" -context "software_version_and_target_device"
# webtalk_add_data -client project -key project_iteration -value "46" -context "software_version_and_target_device"
# webtalk_add_data -client project -key os_name -value "Microsoft Windows 8 or later , 64-bit" -context "user_environment"
# webtalk_add_data -client project -key os_release -value "major release  (build 9200)" -context "user_environment"
# webtalk_add_data -client project -key cpu_name -value "Intel(R) Core(TM) i5-8265U CPU @ 1.60GHz" -context "user_environment"
# webtalk_add_data -client project -key cpu_speed -value "1800 MHz" -context "user_environment"
# webtalk_add_data -client project -key total_processors -value "1" -context "user_environment"
# webtalk_add_data -client project -key system_ram -value "8.354 GB" -context "user_environment"
# webtalk_register_client -client sdk
# webtalk_add_data -client sdk -key uid -value "1629859053256" -context "sdk\\\\bsp/1629859053256"
# webtalk_add_data -client sdk -key hwid -value "1628724745297" -context "sdk\\\\bsp/1629859053256"
# webtalk_add_data -client sdk -key os -value "standalone" -context "sdk\\\\bsp/1629859053256"
# webtalk_add_data -client sdk -key apptemplate -value "empty_application" -context "sdk\\\\bsp/1629859053256"
# webtalk_add_data -client sdk -key RecordType -value "BSPCreation" -context "sdk\\\\bsp/1629859053256"
# webtalk_add_data -client sdk -key uid -value "1629859056607" -context "sdk\\\\application/1629859056607"
# webtalk_add_data -client sdk -key hwid -value "1628724745297" -context "sdk\\\\application/1629859056607"
# webtalk_add_data -client sdk -key bspid -value "1629859053256" -context "sdk\\\\application/1629859056607"
# webtalk_add_data -client sdk -key newbsp -value "true" -context "sdk\\\\application/1629859056607"
# webtalk_add_data -client sdk -key os -value "standalone" -context "sdk\\\\application/1629859056607"
# webtalk_add_data -client sdk -key apptemplate -value "empty_application" -context "sdk\\\\application/1629859056607"
# webtalk_add_data -client sdk -key RecordType -value "APPCreation" -context "sdk\\\\application/1629859056607"
# webtalk_add_data -client sdk -key LangUsed -value "C" -context "sdk\\\\application/1629859056607"
# webtalk_add_data -client sdk -key Procused -value "microblaze" -context "sdk\\\\application/1629859056607"
# webtalk_add_data -client sdk -key uid -value "NA" -context "sdk\\\\bsp/1629859270073"
# webtalk_add_data -client sdk -key RecordType -value "ToolUsage" -context "sdk\\\\bsp/1629859270073"
# webtalk_add_data -client sdk -key BootgenCount -value "0" -context "sdk\\\\bsp/1629859270073"
# webtalk_add_data -client sdk -key DebugCount -value "0" -context "sdk\\\\bsp/1629859270073"
# webtalk_add_data -client sdk -key PerfCount -value "0" -context "sdk\\\\bsp/1629859270073"
# webtalk_add_data -client sdk -key FlashCount -value "0" -context "sdk\\\\bsp/1629859270073"
# webtalk_add_data -client sdk -key CrossTriggCount -value "0" -context "sdk\\\\bsp/1629859270073"
# webtalk_add_data -client sdk -key QemuDebugCount -value "0" -context "sdk\\\\bsp/1629859270073"
# webtalk_transmit -clientid 1249375535 -regid "" -xml C:\\Users\\OAkun\\Division\\Division.sdk\\webtalk\\usage_statistics_ext_sdk.xml -html C:\\Users\\OAkun\\Division\\Division.sdk\\webtalk\\usage_statistics_ext_sdk.html -wdm C:\\Users\\OAkun\\Division\\Division.sdk\\webtalk\\sdk_webtalk.wdm -intro "<H3>SDK Usage Report</H3><BR>"
INFO: [Common 17-186] 'C:\Users\OAkun\Division\Division.sdk\webtalk\usage_statistics_ext_sdk.xml' has been successfully sent to Xilinx on Tue Aug 24 19:41:15 2021. For additional details about this file, please refer to the WebTalk help file at C:/Xilinx/SDK/2019.1/doc/webtalk_introduction.html.
# webtalk_terminate
INFO: [Common 17-206] Exiting Webtalk at Tue Aug 24 19:41:15 2021...
