16:32:15 INFO  : Registering command handlers for SDK TCF services
16:32:16 INFO  : Launching XSCT server: xsct.bat -interactive C:\Users\OAkun\Division\Division.sdk\temp_xsdb_launch_script.tcl
16:32:21 INFO  : XSCT server has started successfully.
16:32:21 INFO  : Successfully done setting XSCT server connection channel  
16:32:21 INFO  : Successfully done setting SDK workspace  
16:32:21 INFO  : Processing command line option -hwspec C:/Users/OAkun/Division/Division.sdk/Division_wrapper.hdf.
16:35:10 INFO  : Connected to target on host '127.0.0.1' and port '3121'.
16:35:12 INFO  : 'targets -set -filter {jtag_cable_name =~ "Digilent Nexys4DDR 210292A8AD8EA" && level==0} -index 0' command is executed.
16:35:15 INFO  : FPGA configured successfully with bitstream "C:/Users/OAkun/Division/Division.sdk/Division_wrapper_hw_platform_0/download.bit"
16:53:04 INFO  : 'targets -set -filter {jtag_cable_name =~ "Digilent Nexys4DDR 210292A8AD8EA" && level==0} -index 0' command is executed.
16:53:04 INFO  : 'fpga -state' command is executed.
16:53:04 INFO  : Connected to target on host '127.0.0.1' and port '3121'.
16:53:04 INFO  : Jtag cable 'Digilent Nexys4DDR 210292A8AD8EA' is selected.
16:53:04 INFO  : 'jtag frequency' command is executed.
16:53:04 INFO  : 'configparams mdm-detect-bscan-mask 2' command is executed.
16:53:04 INFO  : Context for processor 'microblaze_0' is selected.
16:53:04 INFO  : Processor reset is completed for 'microblaze_0'.
16:53:04 INFO  : Context for processor 'microblaze_0' is selected.
16:53:04 INFO  : The application 'C:/Users/OAkun/Division/Division.sdk/Division/Debug/Division.elf' is downloaded to processor 'microblaze_0'.
16:53:04 INFO  : ----------------XSDB Script----------------
connect -url tcp:127.0.0.1:3121
configparams mdm-detect-bscan-mask 2
targets -set -nocase -filter {name =~ "microblaze*#0" && bscan=="USER2"  && jtag_cable_name =~ "Digilent Nexys4DDR 210292A8AD8EA"} -index 0
rst -processor
targets -set -nocase -filter {name =~ "microblaze*#0" && bscan=="USER2"  && jtag_cable_name =~ "Digilent Nexys4DDR 210292A8AD8EA"} -index 0
dow C:/Users/OAkun/Division/Division.sdk/Division/Debug/Division.elf
----------------End of Script----------------

16:53:04 INFO  : Memory regions updated for context MicroBlaze #0
16:53:04 INFO  : Memory regions updated for context MicroBlaze #0
16:53:05 INFO  : Context for processor 'microblaze_0' is selected.
16:53:05 INFO  : 'con' command is executed.
16:53:05 INFO  : ----------------XSDB Script (After Launch)----------------
targets -set -nocase -filter {name =~ "microblaze*#0" && bscan=="USER2"  && jtag_cable_name =~ "Digilent Nexys4DDR 210292A8AD8EA"} -index 0
con
----------------End of Script----------------

16:53:05 INFO  : Launch script is exported to file 'C:\Users\OAkun\Division\Division.sdk\.sdk\launch_scripts\xilinx_c-c++_application_(system_debugger)\system_debugger_using_debug_division.elf_on_local.tcl'
16:53:55 INFO  : Disconnected from the channel tcfchan#1.
16:53:56 INFO  : 'targets -set -filter {jtag_cable_name =~ "Digilent Nexys4DDR 210292A8AD8EA" && level==0} -index 0' command is executed.
16:53:56 INFO  : 'fpga -state' command is executed.
16:53:56 INFO  : Connected to target on host '127.0.0.1' and port '3121'.
16:53:56 INFO  : Jtag cable 'Digilent Nexys4DDR 210292A8AD8EA' is selected.
16:53:56 INFO  : 'jtag frequency' command is executed.
16:53:56 INFO  : 'configparams mdm-detect-bscan-mask 2' command is executed.
16:53:56 INFO  : Context for processor 'microblaze_0' is selected.
16:53:56 INFO  : Processor reset is completed for 'microblaze_0'.
16:53:56 INFO  : Context for processor 'microblaze_0' is selected.
16:53:56 INFO  : The application 'C:/Users/OAkun/Division/Division.sdk/Division/Debug/Division.elf' is downloaded to processor 'microblaze_0'.
16:53:56 INFO  : ----------------XSDB Script----------------
connect -url tcp:127.0.0.1:3121
configparams mdm-detect-bscan-mask 2
targets -set -nocase -filter {name =~ "microblaze*#0" && bscan=="USER2"  && jtag_cable_name =~ "Digilent Nexys4DDR 210292A8AD8EA"} -index 0
rst -processor
targets -set -nocase -filter {name =~ "microblaze*#0" && bscan=="USER2"  && jtag_cable_name =~ "Digilent Nexys4DDR 210292A8AD8EA"} -index 0
dow C:/Users/OAkun/Division/Division.sdk/Division/Debug/Division.elf
----------------End of Script----------------

16:53:56 INFO  : Memory regions updated for context MicroBlaze #0
16:53:56 INFO  : Memory regions updated for context MicroBlaze #0
16:53:57 INFO  : Context for processor 'microblaze_0' is selected.
16:53:57 INFO  : 'con' command is executed.
16:53:57 INFO  : ----------------XSDB Script (After Launch)----------------
targets -set -nocase -filter {name =~ "microblaze*#0" && bscan=="USER2"  && jtag_cable_name =~ "Digilent Nexys4DDR 210292A8AD8EA"} -index 0
con
----------------End of Script----------------

16:53:57 INFO  : Launch script is exported to file 'C:\Users\OAkun\Division\Division.sdk\.sdk\launch_scripts\xilinx_c-c++_application_(system_debugger)\system_debugger_using_debug_division.elf_on_local.tcl'
16:54:46 INFO  : Disconnected from the channel tcfchan#2.
16:54:47 INFO  : 'targets -set -filter {jtag_cable_name =~ "Digilent Nexys4DDR 210292A8AD8EA" && level==0} -index 0' command is executed.
16:54:47 INFO  : 'fpga -state' command is executed.
16:54:47 INFO  : Connected to target on host '127.0.0.1' and port '3121'.
16:54:47 INFO  : Jtag cable 'Digilent Nexys4DDR 210292A8AD8EA' is selected.
16:54:47 INFO  : 'jtag frequency' command is executed.
16:54:47 INFO  : 'configparams mdm-detect-bscan-mask 2' command is executed.
16:54:47 INFO  : Context for processor 'microblaze_0' is selected.
16:54:47 INFO  : Processor reset is completed for 'microblaze_0'.
16:54:47 INFO  : Context for processor 'microblaze_0' is selected.
16:54:47 INFO  : The application 'C:/Users/OAkun/Division/Division.sdk/Division/Debug/Division.elf' is downloaded to processor 'microblaze_0'.
16:54:47 INFO  : ----------------XSDB Script----------------
connect -url tcp:127.0.0.1:3121
configparams mdm-detect-bscan-mask 2
targets -set -nocase -filter {name =~ "microblaze*#0" && bscan=="USER2"  && jtag_cable_name =~ "Digilent Nexys4DDR 210292A8AD8EA"} -index 0
rst -processor
targets -set -nocase -filter {name =~ "microblaze*#0" && bscan=="USER2"  && jtag_cable_name =~ "Digilent Nexys4DDR 210292A8AD8EA"} -index 0
dow C:/Users/OAkun/Division/Division.sdk/Division/Debug/Division.elf
----------------End of Script----------------

16:54:47 INFO  : Memory regions updated for context MicroBlaze #0
16:54:47 INFO  : Memory regions updated for context MicroBlaze #0
16:54:47 INFO  : Context for processor 'microblaze_0' is selected.
16:54:47 INFO  : 'con' command is executed.
16:54:47 INFO  : ----------------XSDB Script (After Launch)----------------
targets -set -nocase -filter {name =~ "microblaze*#0" && bscan=="USER2"  && jtag_cable_name =~ "Digilent Nexys4DDR 210292A8AD8EA"} -index 0
con
----------------End of Script----------------

16:54:47 INFO  : Launch script is exported to file 'C:\Users\OAkun\Division\Division.sdk\.sdk\launch_scripts\xilinx_c-c++_application_(system_debugger)\system_debugger_using_debug_division.elf_on_local.tcl'
16:57:37 INFO  : Disconnected from the channel tcfchan#3.
16:57:38 INFO  : 'targets -set -filter {jtag_cable_name =~ "Digilent Nexys4DDR 210292A8AD8EA" && level==0} -index 0' command is executed.
16:57:38 INFO  : 'fpga -state' command is executed.
16:57:38 INFO  : Connected to target on host '127.0.0.1' and port '3121'.
16:57:38 INFO  : Jtag cable 'Digilent Nexys4DDR 210292A8AD8EA' is selected.
16:57:38 INFO  : 'jtag frequency' command is executed.
16:57:38 INFO  : 'configparams mdm-detect-bscan-mask 2' command is executed.
16:57:38 INFO  : Context for processor 'microblaze_0' is selected.
16:57:38 INFO  : Processor reset is completed for 'microblaze_0'.
16:57:38 INFO  : Context for processor 'microblaze_0' is selected.
16:57:38 INFO  : The application 'C:/Users/OAkun/Division/Division.sdk/Division/Debug/Division.elf' is downloaded to processor 'microblaze_0'.
16:57:38 INFO  : ----------------XSDB Script----------------
connect -url tcp:127.0.0.1:3121
configparams mdm-detect-bscan-mask 2
targets -set -nocase -filter {name =~ "microblaze*#0" && bscan=="USER2"  && jtag_cable_name =~ "Digilent Nexys4DDR 210292A8AD8EA"} -index 0
rst -processor
targets -set -nocase -filter {name =~ "microblaze*#0" && bscan=="USER2"  && jtag_cable_name =~ "Digilent Nexys4DDR 210292A8AD8EA"} -index 0
dow C:/Users/OAkun/Division/Division.sdk/Division/Debug/Division.elf
----------------End of Script----------------

16:57:38 INFO  : Memory regions updated for context MicroBlaze #0
16:57:38 INFO  : Memory regions updated for context MicroBlaze #0
16:57:38 INFO  : Context for processor 'microblaze_0' is selected.
16:57:38 INFO  : 'con' command is executed.
16:57:38 INFO  : ----------------XSDB Script (After Launch)----------------
targets -set -nocase -filter {name =~ "microblaze*#0" && bscan=="USER2"  && jtag_cable_name =~ "Digilent Nexys4DDR 210292A8AD8EA"} -index 0
con
----------------End of Script----------------

16:57:38 INFO  : Launch script is exported to file 'C:\Users\OAkun\Division\Division.sdk\.sdk\launch_scripts\xilinx_c-c++_application_(system_debugger)\system_debugger_using_debug_division.elf_on_local.tcl'
17:01:05 INFO  : Disconnected from the channel tcfchan#4.
17:01:06 INFO  : 'targets -set -filter {jtag_cable_name =~ "Digilent Nexys4DDR 210292A8AD8EA" && level==0} -index 0' command is executed.
17:01:06 INFO  : 'fpga -state' command is executed.
17:01:06 INFO  : Connected to target on host '127.0.0.1' and port '3121'.
17:01:06 INFO  : Jtag cable 'Digilent Nexys4DDR 210292A8AD8EA' is selected.
17:01:06 INFO  : 'jtag frequency' command is executed.
17:01:06 INFO  : 'configparams mdm-detect-bscan-mask 2' command is executed.
17:01:06 INFO  : Context for processor 'microblaze_0' is selected.
17:01:06 INFO  : Processor reset is completed for 'microblaze_0'.
17:01:06 INFO  : Context for processor 'microblaze_0' is selected.
17:01:06 INFO  : The application 'C:/Users/OAkun/Division/Division.sdk/Division/Debug/Division.elf' is downloaded to processor 'microblaze_0'.
17:01:06 INFO  : ----------------XSDB Script----------------
connect -url tcp:127.0.0.1:3121
configparams mdm-detect-bscan-mask 2
targets -set -nocase -filter {name =~ "microblaze*#0" && bscan=="USER2"  && jtag_cable_name =~ "Digilent Nexys4DDR 210292A8AD8EA"} -index 0
rst -processor
targets -set -nocase -filter {name =~ "microblaze*#0" && bscan=="USER2"  && jtag_cable_name =~ "Digilent Nexys4DDR 210292A8AD8EA"} -index 0
dow C:/Users/OAkun/Division/Division.sdk/Division/Debug/Division.elf
----------------End of Script----------------

17:01:06 INFO  : Memory regions updated for context MicroBlaze #0
17:01:06 INFO  : Memory regions updated for context MicroBlaze #0
17:01:06 INFO  : Context for processor 'microblaze_0' is selected.
17:01:06 INFO  : 'con' command is executed.
17:01:06 INFO  : ----------------XSDB Script (After Launch)----------------
targets -set -nocase -filter {name =~ "microblaze*#0" && bscan=="USER2"  && jtag_cable_name =~ "Digilent Nexys4DDR 210292A8AD8EA"} -index 0
con
----------------End of Script----------------

17:01:06 INFO  : Launch script is exported to file 'C:\Users\OAkun\Division\Division.sdk\.sdk\launch_scripts\xilinx_c-c++_application_(system_debugger)\system_debugger_using_debug_division.elf_on_local.tcl'
17:02:40 INFO  : Disconnected from the channel tcfchan#5.
17:02:41 INFO  : 'targets -set -filter {jtag_cable_name =~ "Digilent Nexys4DDR 210292A8AD8EA" && level==0} -index 0' command is executed.
17:02:41 INFO  : 'fpga -state' command is executed.
17:02:41 INFO  : Connected to target on host '127.0.0.1' and port '3121'.
17:02:41 INFO  : Jtag cable 'Digilent Nexys4DDR 210292A8AD8EA' is selected.
17:02:41 INFO  : 'jtag frequency' command is executed.
17:02:41 INFO  : 'configparams mdm-detect-bscan-mask 2' command is executed.
17:02:41 INFO  : Context for processor 'microblaze_0' is selected.
17:02:41 INFO  : Processor reset is completed for 'microblaze_0'.
17:02:41 INFO  : Context for processor 'microblaze_0' is selected.
17:02:41 INFO  : The application 'C:/Users/OAkun/Division/Division.sdk/Division/Debug/Division.elf' is downloaded to processor 'microblaze_0'.
17:02:41 INFO  : ----------------XSDB Script----------------
connect -url tcp:127.0.0.1:3121
configparams mdm-detect-bscan-mask 2
targets -set -nocase -filter {name =~ "microblaze*#0" && bscan=="USER2"  && jtag_cable_name =~ "Digilent Nexys4DDR 210292A8AD8EA"} -index 0
rst -processor
targets -set -nocase -filter {name =~ "microblaze*#0" && bscan=="USER2"  && jtag_cable_name =~ "Digilent Nexys4DDR 210292A8AD8EA"} -index 0
dow C:/Users/OAkun/Division/Division.sdk/Division/Debug/Division.elf
----------------End of Script----------------

17:02:41 INFO  : Memory regions updated for context MicroBlaze #0
17:02:41 INFO  : Memory regions updated for context MicroBlaze #0
17:02:41 INFO  : Context for processor 'microblaze_0' is selected.
17:02:41 INFO  : 'con' command is executed.
17:02:41 INFO  : ----------------XSDB Script (After Launch)----------------
targets -set -nocase -filter {name =~ "microblaze*#0" && bscan=="USER2"  && jtag_cable_name =~ "Digilent Nexys4DDR 210292A8AD8EA"} -index 0
con
----------------End of Script----------------

17:02:41 INFO  : Launch script is exported to file 'C:\Users\OAkun\Division\Division.sdk\.sdk\launch_scripts\xilinx_c-c++_application_(system_debugger)\system_debugger_using_debug_division.elf_on_local.tcl'
17:04:14 INFO  : Disconnected from the channel tcfchan#6.
17:04:15 INFO  : 'targets -set -filter {jtag_cable_name =~ "Digilent Nexys4DDR 210292A8AD8EA" && level==0} -index 0' command is executed.
17:04:15 INFO  : 'fpga -state' command is executed.
17:04:15 INFO  : Connected to target on host '127.0.0.1' and port '3121'.
17:04:15 INFO  : Jtag cable 'Digilent Nexys4DDR 210292A8AD8EA' is selected.
17:04:15 INFO  : 'jtag frequency' command is executed.
17:04:15 INFO  : 'configparams mdm-detect-bscan-mask 2' command is executed.
17:04:15 INFO  : Context for processor 'microblaze_0' is selected.
17:04:15 INFO  : Processor reset is completed for 'microblaze_0'.
17:04:15 INFO  : Context for processor 'microblaze_0' is selected.
17:04:15 INFO  : The application 'C:/Users/OAkun/Division/Division.sdk/Division/Debug/Division.elf' is downloaded to processor 'microblaze_0'.
17:04:15 INFO  : ----------------XSDB Script----------------
connect -url tcp:127.0.0.1:3121
configparams mdm-detect-bscan-mask 2
targets -set -nocase -filter {name =~ "microblaze*#0" && bscan=="USER2"  && jtag_cable_name =~ "Digilent Nexys4DDR 210292A8AD8EA"} -index 0
rst -processor
targets -set -nocase -filter {name =~ "microblaze*#0" && bscan=="USER2"  && jtag_cable_name =~ "Digilent Nexys4DDR 210292A8AD8EA"} -index 0
dow C:/Users/OAkun/Division/Division.sdk/Division/Debug/Division.elf
----------------End of Script----------------

17:04:15 INFO  : Memory regions updated for context MicroBlaze #0
17:04:15 INFO  : Memory regions updated for context MicroBlaze #0
17:04:15 INFO  : Context for processor 'microblaze_0' is selected.
17:04:15 INFO  : 'con' command is executed.
17:04:15 INFO  : ----------------XSDB Script (After Launch)----------------
targets -set -nocase -filter {name =~ "microblaze*#0" && bscan=="USER2"  && jtag_cable_name =~ "Digilent Nexys4DDR 210292A8AD8EA"} -index 0
con
----------------End of Script----------------

17:04:15 INFO  : Launch script is exported to file 'C:\Users\OAkun\Division\Division.sdk\.sdk\launch_scripts\xilinx_c-c++_application_(system_debugger)\system_debugger_using_debug_division.elf_on_local.tcl'
17:05:22 INFO  : Disconnected from the channel tcfchan#7.
17:05:23 INFO  : 'targets -set -filter {jtag_cable_name =~ "Digilent Nexys4DDR 210292A8AD8EA" && level==0} -index 0' command is executed.
17:05:23 INFO  : 'fpga -state' command is executed.
17:05:23 INFO  : Connected to target on host '127.0.0.1' and port '3121'.
17:05:23 INFO  : Jtag cable 'Digilent Nexys4DDR 210292A8AD8EA' is selected.
17:05:23 INFO  : 'jtag frequency' command is executed.
17:05:23 INFO  : 'configparams mdm-detect-bscan-mask 2' command is executed.
17:05:23 INFO  : Context for processor 'microblaze_0' is selected.
17:05:23 INFO  : Processor reset is completed for 'microblaze_0'.
17:05:23 INFO  : Context for processor 'microblaze_0' is selected.
17:05:24 INFO  : The application 'C:/Users/OAkun/Division/Division.sdk/Division/Debug/Division.elf' is downloaded to processor 'microblaze_0'.
17:05:24 INFO  : ----------------XSDB Script----------------
connect -url tcp:127.0.0.1:3121
configparams mdm-detect-bscan-mask 2
targets -set -nocase -filter {name =~ "microblaze*#0" && bscan=="USER2"  && jtag_cable_name =~ "Digilent Nexys4DDR 210292A8AD8EA"} -index 0
rst -processor
targets -set -nocase -filter {name =~ "microblaze*#0" && bscan=="USER2"  && jtag_cable_name =~ "Digilent Nexys4DDR 210292A8AD8EA"} -index 0
dow C:/Users/OAkun/Division/Division.sdk/Division/Debug/Division.elf
----------------End of Script----------------

17:05:24 INFO  : Memory regions updated for context MicroBlaze #0
17:05:24 INFO  : Memory regions updated for context MicroBlaze #0
17:05:24 INFO  : Context for processor 'microblaze_0' is selected.
17:05:24 INFO  : 'con' command is executed.
17:05:24 INFO  : ----------------XSDB Script (After Launch)----------------
targets -set -nocase -filter {name =~ "microblaze*#0" && bscan=="USER2"  && jtag_cable_name =~ "Digilent Nexys4DDR 210292A8AD8EA"} -index 0
con
----------------End of Script----------------

17:05:24 INFO  : Launch script is exported to file 'C:\Users\OAkun\Division\Division.sdk\.sdk\launch_scripts\xilinx_c-c++_application_(system_debugger)\system_debugger_using_debug_division.elf_on_local.tcl'
17:05:45 INFO  : Disconnected from the channel tcfchan#8.
17:05:46 INFO  : 'targets -set -filter {jtag_cable_name =~ "Digilent Nexys4DDR 210292A8AD8EA" && level==0} -index 0' command is executed.
17:05:46 INFO  : 'fpga -state' command is executed.
17:05:46 INFO  : Connected to target on host '127.0.0.1' and port '3121'.
17:05:46 INFO  : Jtag cable 'Digilent Nexys4DDR 210292A8AD8EA' is selected.
17:05:46 INFO  : 'jtag frequency' command is executed.
17:05:46 INFO  : 'configparams mdm-detect-bscan-mask 2' command is executed.
17:05:46 INFO  : Context for processor 'microblaze_0' is selected.
17:05:47 INFO  : Processor reset is completed for 'microblaze_0'.
17:05:47 INFO  : Context for processor 'microblaze_0' is selected.
17:05:47 INFO  : The application 'C:/Users/OAkun/Division/Division.sdk/Division/Debug/Division.elf' is downloaded to processor 'microblaze_0'.
17:05:47 INFO  : ----------------XSDB Script----------------
connect -url tcp:127.0.0.1:3121
configparams mdm-detect-bscan-mask 2
targets -set -nocase -filter {name =~ "microblaze*#0" && bscan=="USER2"  && jtag_cable_name =~ "Digilent Nexys4DDR 210292A8AD8EA"} -index 0
rst -processor
targets -set -nocase -filter {name =~ "microblaze*#0" && bscan=="USER2"  && jtag_cable_name =~ "Digilent Nexys4DDR 210292A8AD8EA"} -index 0
dow C:/Users/OAkun/Division/Division.sdk/Division/Debug/Division.elf
----------------End of Script----------------

17:05:47 INFO  : Memory regions updated for context MicroBlaze #0
17:05:47 INFO  : Memory regions updated for context MicroBlaze #0
17:05:47 INFO  : Context for processor 'microblaze_0' is selected.
17:05:47 INFO  : 'con' command is executed.
17:05:47 INFO  : ----------------XSDB Script (After Launch)----------------
targets -set -nocase -filter {name =~ "microblaze*#0" && bscan=="USER2"  && jtag_cable_name =~ "Digilent Nexys4DDR 210292A8AD8EA"} -index 0
con
----------------End of Script----------------

17:05:47 INFO  : Launch script is exported to file 'C:\Users\OAkun\Division\Division.sdk\.sdk\launch_scripts\xilinx_c-c++_application_(system_debugger)\system_debugger_using_debug_division.elf_on_local.tcl'
17:08:54 INFO  : Disconnected from the channel tcfchan#9.
17:08:55 INFO  : 'targets -set -filter {jtag_cable_name =~ "Digilent Nexys4DDR 210292A8AD8EA" && level==0} -index 0' command is executed.
17:08:55 INFO  : 'fpga -state' command is executed.
17:08:55 INFO  : Connected to target on host '127.0.0.1' and port '3121'.
17:08:55 INFO  : Jtag cable 'Digilent Nexys4DDR 210292A8AD8EA' is selected.
17:08:55 INFO  : 'jtag frequency' command is executed.
17:08:55 INFO  : 'configparams mdm-detect-bscan-mask 2' command is executed.
17:08:55 INFO  : Context for processor 'microblaze_0' is selected.
17:08:55 INFO  : Processor reset is completed for 'microblaze_0'.
17:08:55 INFO  : Context for processor 'microblaze_0' is selected.
17:08:55 INFO  : The application 'C:/Users/OAkun/Division/Division.sdk/Division/Debug/Division.elf' is downloaded to processor 'microblaze_0'.
17:08:55 INFO  : ----------------XSDB Script----------------
connect -url tcp:127.0.0.1:3121
configparams mdm-detect-bscan-mask 2
targets -set -nocase -filter {name =~ "microblaze*#0" && bscan=="USER2"  && jtag_cable_name =~ "Digilent Nexys4DDR 210292A8AD8EA"} -index 0
rst -processor
targets -set -nocase -filter {name =~ "microblaze*#0" && bscan=="USER2"  && jtag_cable_name =~ "Digilent Nexys4DDR 210292A8AD8EA"} -index 0
dow C:/Users/OAkun/Division/Division.sdk/Division/Debug/Division.elf
----------------End of Script----------------

17:08:55 INFO  : Memory regions updated for context MicroBlaze #0
17:08:55 INFO  : Memory regions updated for context MicroBlaze #0
17:08:55 INFO  : Context for processor 'microblaze_0' is selected.
17:08:55 INFO  : 'con' command is executed.
17:08:55 INFO  : ----------------XSDB Script (After Launch)----------------
targets -set -nocase -filter {name =~ "microblaze*#0" && bscan=="USER2"  && jtag_cable_name =~ "Digilent Nexys4DDR 210292A8AD8EA"} -index 0
con
----------------End of Script----------------

17:08:55 INFO  : Launch script is exported to file 'C:\Users\OAkun\Division\Division.sdk\.sdk\launch_scripts\xilinx_c-c++_application_(system_debugger)\system_debugger_using_debug_division.elf_on_local.tcl'
17:11:36 INFO  : Disconnected from the channel tcfchan#10.
17:11:37 INFO  : 'targets -set -filter {jtag_cable_name =~ "Digilent Nexys4DDR 210292A8AD8EA" && level==0} -index 0' command is executed.
17:11:37 INFO  : 'fpga -state' command is executed.
17:11:37 INFO  : Connected to target on host '127.0.0.1' and port '3121'.
17:11:37 INFO  : Jtag cable 'Digilent Nexys4DDR 210292A8AD8EA' is selected.
17:11:37 INFO  : 'jtag frequency' command is executed.
17:11:37 INFO  : 'configparams mdm-detect-bscan-mask 2' command is executed.
17:11:37 INFO  : Context for processor 'microblaze_0' is selected.
17:11:38 INFO  : Processor reset is completed for 'microblaze_0'.
17:11:38 INFO  : Context for processor 'microblaze_0' is selected.
17:11:38 INFO  : The application 'C:/Users/OAkun/Division/Division.sdk/Division/Debug/Division.elf' is downloaded to processor 'microblaze_0'.
17:11:38 INFO  : ----------------XSDB Script----------------
connect -url tcp:127.0.0.1:3121
configparams mdm-detect-bscan-mask 2
targets -set -nocase -filter {name =~ "microblaze*#0" && bscan=="USER2"  && jtag_cable_name =~ "Digilent Nexys4DDR 210292A8AD8EA"} -index 0
rst -processor
targets -set -nocase -filter {name =~ "microblaze*#0" && bscan=="USER2"  && jtag_cable_name =~ "Digilent Nexys4DDR 210292A8AD8EA"} -index 0
dow C:/Users/OAkun/Division/Division.sdk/Division/Debug/Division.elf
----------------End of Script----------------

17:11:38 INFO  : Memory regions updated for context MicroBlaze #0
17:11:38 INFO  : Memory regions updated for context MicroBlaze #0
17:11:38 INFO  : Context for processor 'microblaze_0' is selected.
17:11:38 INFO  : 'con' command is executed.
17:11:38 INFO  : ----------------XSDB Script (After Launch)----------------
targets -set -nocase -filter {name =~ "microblaze*#0" && bscan=="USER2"  && jtag_cable_name =~ "Digilent Nexys4DDR 210292A8AD8EA"} -index 0
con
----------------End of Script----------------

17:11:38 INFO  : Launch script is exported to file 'C:\Users\OAkun\Division\Division.sdk\.sdk\launch_scripts\xilinx_c-c++_application_(system_debugger)\system_debugger_using_debug_division.elf_on_local.tcl'
17:11:55 INFO  : Disconnected from the channel tcfchan#11.
17:11:56 INFO  : 'targets -set -filter {jtag_cable_name =~ "Digilent Nexys4DDR 210292A8AD8EA" && level==0} -index 0' command is executed.
17:11:56 INFO  : 'fpga -state' command is executed.
17:11:56 INFO  : Connected to target on host '127.0.0.1' and port '3121'.
17:11:56 INFO  : Jtag cable 'Digilent Nexys4DDR 210292A8AD8EA' is selected.
17:11:56 INFO  : 'jtag frequency' command is executed.
17:11:56 INFO  : 'configparams mdm-detect-bscan-mask 2' command is executed.
17:11:56 INFO  : Context for processor 'microblaze_0' is selected.
17:11:56 INFO  : Processor reset is completed for 'microblaze_0'.
17:11:56 INFO  : Context for processor 'microblaze_0' is selected.
17:11:56 INFO  : The application 'C:/Users/OAkun/Division/Division.sdk/Division/Debug/Division.elf' is downloaded to processor 'microblaze_0'.
17:11:56 INFO  : ----------------XSDB Script----------------
connect -url tcp:127.0.0.1:3121
configparams mdm-detect-bscan-mask 2
targets -set -nocase -filter {name =~ "microblaze*#0" && bscan=="USER2"  && jtag_cable_name =~ "Digilent Nexys4DDR 210292A8AD8EA"} -index 0
rst -processor
targets -set -nocase -filter {name =~ "microblaze*#0" && bscan=="USER2"  && jtag_cable_name =~ "Digilent Nexys4DDR 210292A8AD8EA"} -index 0
dow C:/Users/OAkun/Division/Division.sdk/Division/Debug/Division.elf
----------------End of Script----------------

17:11:56 INFO  : Memory regions updated for context MicroBlaze #0
17:11:56 INFO  : Memory regions updated for context MicroBlaze #0
17:11:56 INFO  : Context for processor 'microblaze_0' is selected.
17:11:56 INFO  : 'con' command is executed.
17:11:56 INFO  : ----------------XSDB Script (After Launch)----------------
targets -set -nocase -filter {name =~ "microblaze*#0" && bscan=="USER2"  && jtag_cable_name =~ "Digilent Nexys4DDR 210292A8AD8EA"} -index 0
con
----------------End of Script----------------

17:11:56 INFO  : Launch script is exported to file 'C:\Users\OAkun\Division\Division.sdk\.sdk\launch_scripts\xilinx_c-c++_application_(system_debugger)\system_debugger_using_debug_division.elf_on_local.tcl'
17:12:35 INFO  : Disconnected from the channel tcfchan#12.
17:12:36 INFO  : 'targets -set -filter {jtag_cable_name =~ "Digilent Nexys4DDR 210292A8AD8EA" && level==0} -index 0' command is executed.
17:12:36 INFO  : 'fpga -state' command is executed.
17:12:36 INFO  : Connected to target on host '127.0.0.1' and port '3121'.
17:12:36 INFO  : Jtag cable 'Digilent Nexys4DDR 210292A8AD8EA' is selected.
17:12:36 INFO  : 'jtag frequency' command is executed.
17:12:36 INFO  : 'configparams mdm-detect-bscan-mask 2' command is executed.
17:12:36 INFO  : Context for processor 'microblaze_0' is selected.
17:12:36 INFO  : Processor reset is completed for 'microblaze_0'.
17:12:36 INFO  : Context for processor 'microblaze_0' is selected.
17:12:36 INFO  : The application 'C:/Users/OAkun/Division/Division.sdk/Division/Debug/Division.elf' is downloaded to processor 'microblaze_0'.
17:12:36 INFO  : ----------------XSDB Script----------------
connect -url tcp:127.0.0.1:3121
configparams mdm-detect-bscan-mask 2
targets -set -nocase -filter {name =~ "microblaze*#0" && bscan=="USER2"  && jtag_cable_name =~ "Digilent Nexys4DDR 210292A8AD8EA"} -index 0
rst -processor
targets -set -nocase -filter {name =~ "microblaze*#0" && bscan=="USER2"  && jtag_cable_name =~ "Digilent Nexys4DDR 210292A8AD8EA"} -index 0
dow C:/Users/OAkun/Division/Division.sdk/Division/Debug/Division.elf
----------------End of Script----------------

17:12:36 INFO  : Memory regions updated for context MicroBlaze #0
17:12:36 INFO  : Memory regions updated for context MicroBlaze #0
17:12:36 INFO  : Context for processor 'microblaze_0' is selected.
17:12:36 INFO  : 'con' command is executed.
17:12:36 INFO  : ----------------XSDB Script (After Launch)----------------
targets -set -nocase -filter {name =~ "microblaze*#0" && bscan=="USER2"  && jtag_cable_name =~ "Digilent Nexys4DDR 210292A8AD8EA"} -index 0
con
----------------End of Script----------------

17:12:36 INFO  : Launch script is exported to file 'C:\Users\OAkun\Division\Division.sdk\.sdk\launch_scripts\xilinx_c-c++_application_(system_debugger)\system_debugger_using_debug_division.elf_on_local.tcl'
17:13:02 INFO  : Disconnected from the channel tcfchan#13.
17:13:03 INFO  : 'targets -set -filter {jtag_cable_name =~ "Digilent Nexys4DDR 210292A8AD8EA" && level==0} -index 0' command is executed.
17:13:03 INFO  : 'fpga -state' command is executed.
17:13:03 INFO  : Connected to target on host '127.0.0.1' and port '3121'.
17:13:03 INFO  : Jtag cable 'Digilent Nexys4DDR 210292A8AD8EA' is selected.
17:13:03 INFO  : 'jtag frequency' command is executed.
17:13:03 INFO  : 'configparams mdm-detect-bscan-mask 2' command is executed.
17:13:03 INFO  : Context for processor 'microblaze_0' is selected.
17:13:03 INFO  : Processor reset is completed for 'microblaze_0'.
17:13:03 INFO  : Context for processor 'microblaze_0' is selected.
17:13:03 INFO  : The application 'C:/Users/OAkun/Division/Division.sdk/Division/Debug/Division.elf' is downloaded to processor 'microblaze_0'.
17:13:03 INFO  : ----------------XSDB Script----------------
connect -url tcp:127.0.0.1:3121
configparams mdm-detect-bscan-mask 2
targets -set -nocase -filter {name =~ "microblaze*#0" && bscan=="USER2"  && jtag_cable_name =~ "Digilent Nexys4DDR 210292A8AD8EA"} -index 0
rst -processor
targets -set -nocase -filter {name =~ "microblaze*#0" && bscan=="USER2"  && jtag_cable_name =~ "Digilent Nexys4DDR 210292A8AD8EA"} -index 0
dow C:/Users/OAkun/Division/Division.sdk/Division/Debug/Division.elf
----------------End of Script----------------

17:13:03 INFO  : Memory regions updated for context MicroBlaze #0
17:13:03 INFO  : Memory regions updated for context MicroBlaze #0
17:13:03 INFO  : Context for processor 'microblaze_0' is selected.
17:13:03 INFO  : 'con' command is executed.
17:13:03 INFO  : ----------------XSDB Script (After Launch)----------------
targets -set -nocase -filter {name =~ "microblaze*#0" && bscan=="USER2"  && jtag_cable_name =~ "Digilent Nexys4DDR 210292A8AD8EA"} -index 0
con
----------------End of Script----------------

17:13:03 INFO  : Launch script is exported to file 'C:\Users\OAkun\Division\Division.sdk\.sdk\launch_scripts\xilinx_c-c++_application_(system_debugger)\system_debugger_using_debug_division.elf_on_local.tcl'
17:13:35 INFO  : Disconnected from the channel tcfchan#14.
17:13:36 INFO  : 'targets -set -filter {jtag_cable_name =~ "Digilent Nexys4DDR 210292A8AD8EA" && level==0} -index 0' command is executed.
17:13:36 INFO  : 'fpga -state' command is executed.
17:13:36 INFO  : Connected to target on host '127.0.0.1' and port '3121'.
17:13:36 INFO  : Jtag cable 'Digilent Nexys4DDR 210292A8AD8EA' is selected.
17:13:36 INFO  : 'jtag frequency' command is executed.
17:13:36 INFO  : 'configparams mdm-detect-bscan-mask 2' command is executed.
17:13:36 INFO  : Context for processor 'microblaze_0' is selected.
17:13:36 INFO  : Processor reset is completed for 'microblaze_0'.
17:13:36 INFO  : Context for processor 'microblaze_0' is selected.
17:13:36 INFO  : The application 'C:/Users/OAkun/Division/Division.sdk/Division/Debug/Division.elf' is downloaded to processor 'microblaze_0'.
17:13:36 INFO  : ----------------XSDB Script----------------
connect -url tcp:127.0.0.1:3121
configparams mdm-detect-bscan-mask 2
targets -set -nocase -filter {name =~ "microblaze*#0" && bscan=="USER2"  && jtag_cable_name =~ "Digilent Nexys4DDR 210292A8AD8EA"} -index 0
rst -processor
targets -set -nocase -filter {name =~ "microblaze*#0" && bscan=="USER2"  && jtag_cable_name =~ "Digilent Nexys4DDR 210292A8AD8EA"} -index 0
dow C:/Users/OAkun/Division/Division.sdk/Division/Debug/Division.elf
----------------End of Script----------------

17:13:36 INFO  : Memory regions updated for context MicroBlaze #0
17:13:36 INFO  : Memory regions updated for context MicroBlaze #0
17:13:36 INFO  : Context for processor 'microblaze_0' is selected.
17:13:36 INFO  : 'con' command is executed.
17:13:36 INFO  : ----------------XSDB Script (After Launch)----------------
targets -set -nocase -filter {name =~ "microblaze*#0" && bscan=="USER2"  && jtag_cable_name =~ "Digilent Nexys4DDR 210292A8AD8EA"} -index 0
con
----------------End of Script----------------

17:13:36 INFO  : Launch script is exported to file 'C:\Users\OAkun\Division\Division.sdk\.sdk\launch_scripts\xilinx_c-c++_application_(system_debugger)\system_debugger_using_debug_division.elf_on_local.tcl'
17:14:06 INFO  : Disconnected from the channel tcfchan#15.
17:14:07 INFO  : 'targets -set -filter {jtag_cable_name =~ "Digilent Nexys4DDR 210292A8AD8EA" && level==0} -index 0' command is executed.
17:14:07 INFO  : 'fpga -state' command is executed.
17:14:07 INFO  : Connected to target on host '127.0.0.1' and port '3121'.
17:14:07 INFO  : Jtag cable 'Digilent Nexys4DDR 210292A8AD8EA' is selected.
17:14:07 INFO  : 'jtag frequency' command is executed.
17:14:07 INFO  : 'configparams mdm-detect-bscan-mask 2' command is executed.
17:14:07 INFO  : Context for processor 'microblaze_0' is selected.
17:14:07 INFO  : Processor reset is completed for 'microblaze_0'.
17:14:07 INFO  : Context for processor 'microblaze_0' is selected.
17:14:08 INFO  : The application 'C:/Users/OAkun/Division/Division.sdk/Division/Debug/Division.elf' is downloaded to processor 'microblaze_0'.
17:14:08 INFO  : ----------------XSDB Script----------------
connect -url tcp:127.0.0.1:3121
configparams mdm-detect-bscan-mask 2
targets -set -nocase -filter {name =~ "microblaze*#0" && bscan=="USER2"  && jtag_cable_name =~ "Digilent Nexys4DDR 210292A8AD8EA"} -index 0
rst -processor
targets -set -nocase -filter {name =~ "microblaze*#0" && bscan=="USER2"  && jtag_cable_name =~ "Digilent Nexys4DDR 210292A8AD8EA"} -index 0
dow C:/Users/OAkun/Division/Division.sdk/Division/Debug/Division.elf
----------------End of Script----------------

17:14:08 INFO  : Memory regions updated for context MicroBlaze #0
17:14:08 INFO  : Memory regions updated for context MicroBlaze #0
17:14:08 INFO  : Context for processor 'microblaze_0' is selected.
17:14:08 INFO  : 'con' command is executed.
17:14:08 INFO  : ----------------XSDB Script (After Launch)----------------
targets -set -nocase -filter {name =~ "microblaze*#0" && bscan=="USER2"  && jtag_cable_name =~ "Digilent Nexys4DDR 210292A8AD8EA"} -index 0
con
----------------End of Script----------------

17:14:08 INFO  : Launch script is exported to file 'C:\Users\OAkun\Division\Division.sdk\.sdk\launch_scripts\xilinx_c-c++_application_(system_debugger)\system_debugger_using_debug_division.elf_on_local.tcl'
17:17:01 INFO  : Disconnected from the channel tcfchan#16.
17:17:03 INFO  : 'targets -set -filter {jtag_cable_name =~ "Digilent Nexys4DDR 210292A8AD8EA" && level==0} -index 0' command is executed.
17:17:03 INFO  : 'fpga -state' command is executed.
17:17:03 INFO  : Connected to target on host '127.0.0.1' and port '3121'.
17:17:03 INFO  : Jtag cable 'Digilent Nexys4DDR 210292A8AD8EA' is selected.
17:17:03 INFO  : 'jtag frequency' command is executed.
17:17:03 INFO  : 'configparams mdm-detect-bscan-mask 2' command is executed.
17:17:03 INFO  : Context for processor 'microblaze_0' is selected.
17:17:03 INFO  : Processor reset is completed for 'microblaze_0'.
17:17:03 INFO  : Context for processor 'microblaze_0' is selected.
17:17:03 INFO  : The application 'C:/Users/OAkun/Division/Division.sdk/Division/Debug/Division.elf' is downloaded to processor 'microblaze_0'.
17:17:03 INFO  : ----------------XSDB Script----------------
connect -url tcp:127.0.0.1:3121
configparams mdm-detect-bscan-mask 2
targets -set -nocase -filter {name =~ "microblaze*#0" && bscan=="USER2"  && jtag_cable_name =~ "Digilent Nexys4DDR 210292A8AD8EA"} -index 0
rst -processor
targets -set -nocase -filter {name =~ "microblaze*#0" && bscan=="USER2"  && jtag_cable_name =~ "Digilent Nexys4DDR 210292A8AD8EA"} -index 0
dow C:/Users/OAkun/Division/Division.sdk/Division/Debug/Division.elf
----------------End of Script----------------

17:17:03 INFO  : Memory regions updated for context MicroBlaze #0
17:17:03 INFO  : Memory regions updated for context MicroBlaze #0
17:17:03 INFO  : Context for processor 'microblaze_0' is selected.
17:17:03 INFO  : 'con' command is executed.
17:17:03 INFO  : ----------------XSDB Script (After Launch)----------------
targets -set -nocase -filter {name =~ "microblaze*#0" && bscan=="USER2"  && jtag_cable_name =~ "Digilent Nexys4DDR 210292A8AD8EA"} -index 0
con
----------------End of Script----------------

17:17:03 INFO  : Launch script is exported to file 'C:\Users\OAkun\Division\Division.sdk\.sdk\launch_scripts\xilinx_c-c++_application_(system_debugger)\system_debugger_using_debug_division.elf_on_local.tcl'
17:19:51 INFO  : Disconnected from the channel tcfchan#17.
17:19:52 INFO  : 'targets -set -filter {jtag_cable_name =~ "Digilent Nexys4DDR 210292A8AD8EA" && level==0} -index 0' command is executed.
17:19:52 INFO  : 'fpga -state' command is executed.
17:19:52 INFO  : Connected to target on host '127.0.0.1' and port '3121'.
17:19:52 INFO  : Jtag cable 'Digilent Nexys4DDR 210292A8AD8EA' is selected.
17:19:52 INFO  : 'jtag frequency' command is executed.
17:19:52 INFO  : 'configparams mdm-detect-bscan-mask 2' command is executed.
17:19:52 INFO  : Context for processor 'microblaze_0' is selected.
17:19:52 INFO  : Processor reset is completed for 'microblaze_0'.
17:19:52 INFO  : Context for processor 'microblaze_0' is selected.
17:19:52 INFO  : The application 'C:/Users/OAkun/Division/Division.sdk/Division/Debug/Division.elf' is downloaded to processor 'microblaze_0'.
17:19:52 INFO  : ----------------XSDB Script----------------
connect -url tcp:127.0.0.1:3121
configparams mdm-detect-bscan-mask 2
targets -set -nocase -filter {name =~ "microblaze*#0" && bscan=="USER2"  && jtag_cable_name =~ "Digilent Nexys4DDR 210292A8AD8EA"} -index 0
rst -processor
targets -set -nocase -filter {name =~ "microblaze*#0" && bscan=="USER2"  && jtag_cable_name =~ "Digilent Nexys4DDR 210292A8AD8EA"} -index 0
dow C:/Users/OAkun/Division/Division.sdk/Division/Debug/Division.elf
----------------End of Script----------------

17:19:52 INFO  : Memory regions updated for context MicroBlaze #0
17:19:52 INFO  : Memory regions updated for context MicroBlaze #0
17:19:52 INFO  : Context for processor 'microblaze_0' is selected.
17:19:52 INFO  : 'con' command is executed.
17:19:52 INFO  : ----------------XSDB Script (After Launch)----------------
targets -set -nocase -filter {name =~ "microblaze*#0" && bscan=="USER2"  && jtag_cable_name =~ "Digilent Nexys4DDR 210292A8AD8EA"} -index 0
con
----------------End of Script----------------

17:19:52 INFO  : Launch script is exported to file 'C:\Users\OAkun\Division\Division.sdk\.sdk\launch_scripts\xilinx_c-c++_application_(system_debugger)\system_debugger_using_debug_division.elf_on_local.tcl'
17:20:10 INFO  : Disconnected from the channel tcfchan#18.
17:20:11 INFO  : 'targets -set -filter {jtag_cable_name =~ "Digilent Nexys4DDR 210292A8AD8EA" && level==0} -index 0' command is executed.
17:20:11 INFO  : 'fpga -state' command is executed.
17:20:11 INFO  : Connected to target on host '127.0.0.1' and port '3121'.
17:20:11 INFO  : Jtag cable 'Digilent Nexys4DDR 210292A8AD8EA' is selected.
17:20:11 INFO  : 'jtag frequency' command is executed.
17:20:11 INFO  : 'configparams mdm-detect-bscan-mask 2' command is executed.
17:20:11 INFO  : Context for processor 'microblaze_0' is selected.
17:20:11 INFO  : Processor reset is completed for 'microblaze_0'.
17:20:11 INFO  : Context for processor 'microblaze_0' is selected.
17:20:12 INFO  : The application 'C:/Users/OAkun/Division/Division.sdk/Division/Debug/Division.elf' is downloaded to processor 'microblaze_0'.
17:20:12 INFO  : ----------------XSDB Script----------------
connect -url tcp:127.0.0.1:3121
configparams mdm-detect-bscan-mask 2
targets -set -nocase -filter {name =~ "microblaze*#0" && bscan=="USER2"  && jtag_cable_name =~ "Digilent Nexys4DDR 210292A8AD8EA"} -index 0
rst -processor
targets -set -nocase -filter {name =~ "microblaze*#0" && bscan=="USER2"  && jtag_cable_name =~ "Digilent Nexys4DDR 210292A8AD8EA"} -index 0
dow C:/Users/OAkun/Division/Division.sdk/Division/Debug/Division.elf
----------------End of Script----------------

17:20:12 INFO  : Memory regions updated for context MicroBlaze #0
17:20:12 INFO  : Memory regions updated for context MicroBlaze #0
17:20:12 INFO  : Context for processor 'microblaze_0' is selected.
17:20:12 INFO  : 'con' command is executed.
17:20:12 INFO  : ----------------XSDB Script (After Launch)----------------
targets -set -nocase -filter {name =~ "microblaze*#0" && bscan=="USER2"  && jtag_cable_name =~ "Digilent Nexys4DDR 210292A8AD8EA"} -index 0
con
----------------End of Script----------------

17:20:12 INFO  : Launch script is exported to file 'C:\Users\OAkun\Division\Division.sdk\.sdk\launch_scripts\xilinx_c-c++_application_(system_debugger)\system_debugger_using_debug_division.elf_on_local.tcl'
17:20:27 INFO  : Disconnected from the channel tcfchan#19.
17:20:28 INFO  : 'targets -set -filter {jtag_cable_name =~ "Digilent Nexys4DDR 210292A8AD8EA" && level==0} -index 0' command is executed.
17:20:28 INFO  : 'fpga -state' command is executed.
17:20:28 INFO  : Connected to target on host '127.0.0.1' and port '3121'.
17:20:28 INFO  : Jtag cable 'Digilent Nexys4DDR 210292A8AD8EA' is selected.
17:20:28 INFO  : 'jtag frequency' command is executed.
17:20:28 INFO  : 'configparams mdm-detect-bscan-mask 2' command is executed.
17:20:29 INFO  : Context for processor 'microblaze_0' is selected.
17:20:29 INFO  : Processor reset is completed for 'microblaze_0'.
17:20:29 INFO  : Context for processor 'microblaze_0' is selected.
17:20:29 INFO  : The application 'C:/Users/OAkun/Division/Division.sdk/Division/Debug/Division.elf' is downloaded to processor 'microblaze_0'.
17:20:29 INFO  : ----------------XSDB Script----------------
connect -url tcp:127.0.0.1:3121
configparams mdm-detect-bscan-mask 2
targets -set -nocase -filter {name =~ "microblaze*#0" && bscan=="USER2"  && jtag_cable_name =~ "Digilent Nexys4DDR 210292A8AD8EA"} -index 0
rst -processor
targets -set -nocase -filter {name =~ "microblaze*#0" && bscan=="USER2"  && jtag_cable_name =~ "Digilent Nexys4DDR 210292A8AD8EA"} -index 0
dow C:/Users/OAkun/Division/Division.sdk/Division/Debug/Division.elf
----------------End of Script----------------

17:20:29 INFO  : Memory regions updated for context MicroBlaze #0
17:20:29 INFO  : Memory regions updated for context MicroBlaze #0
17:20:29 INFO  : Context for processor 'microblaze_0' is selected.
17:20:29 INFO  : 'con' command is executed.
17:20:29 INFO  : ----------------XSDB Script (After Launch)----------------
targets -set -nocase -filter {name =~ "microblaze*#0" && bscan=="USER2"  && jtag_cable_name =~ "Digilent Nexys4DDR 210292A8AD8EA"} -index 0
con
----------------End of Script----------------

17:20:29 INFO  : Launch script is exported to file 'C:\Users\OAkun\Division\Division.sdk\.sdk\launch_scripts\xilinx_c-c++_application_(system_debugger)\system_debugger_using_debug_division.elf_on_local.tcl'
17:34:23 INFO  : Disconnected from the channel tcfchan#20.
17:34:24 INFO  : 'targets -set -filter {jtag_cable_name =~ "Digilent Nexys4DDR 210292A8AD8EA" && level==0} -index 0' command is executed.
17:34:24 INFO  : 'fpga -state' command is executed.
17:34:24 INFO  : Connected to target on host '127.0.0.1' and port '3121'.
17:34:24 INFO  : Jtag cable 'Digilent Nexys4DDR 210292A8AD8EA' is selected.
17:34:24 INFO  : 'jtag frequency' command is executed.
17:34:24 INFO  : 'configparams mdm-detect-bscan-mask 2' command is executed.
17:34:24 INFO  : Context for processor 'microblaze_0' is selected.
17:34:24 INFO  : Processor reset is completed for 'microblaze_0'.
17:34:24 INFO  : Context for processor 'microblaze_0' is selected.
17:34:24 INFO  : The application 'C:/Users/OAkun/Division/Division.sdk/Division/Debug/Division.elf' is downloaded to processor 'microblaze_0'.
17:34:24 INFO  : ----------------XSDB Script----------------
connect -url tcp:127.0.0.1:3121
configparams mdm-detect-bscan-mask 2
targets -set -nocase -filter {name =~ "microblaze*#0" && bscan=="USER2"  && jtag_cable_name =~ "Digilent Nexys4DDR 210292A8AD8EA"} -index 0
rst -processor
targets -set -nocase -filter {name =~ "microblaze*#0" && bscan=="USER2"  && jtag_cable_name =~ "Digilent Nexys4DDR 210292A8AD8EA"} -index 0
dow C:/Users/OAkun/Division/Division.sdk/Division/Debug/Division.elf
----------------End of Script----------------

17:34:24 INFO  : Memory regions updated for context MicroBlaze #0
17:34:24 INFO  : Memory regions updated for context MicroBlaze #0
17:34:24 INFO  : Context for processor 'microblaze_0' is selected.
17:34:24 INFO  : 'con' command is executed.
17:34:24 INFO  : ----------------XSDB Script (After Launch)----------------
targets -set -nocase -filter {name =~ "microblaze*#0" && bscan=="USER2"  && jtag_cable_name =~ "Digilent Nexys4DDR 210292A8AD8EA"} -index 0
con
----------------End of Script----------------

17:34:24 INFO  : Launch script is exported to file 'C:\Users\OAkun\Division\Division.sdk\.sdk\launch_scripts\xilinx_c-c++_application_(system_debugger)\system_debugger_using_debug_division.elf_on_local.tcl'
17:34:54 INFO  : Disconnected from the channel tcfchan#21.
17:34:55 INFO  : 'targets -set -filter {jtag_cable_name =~ "Digilent Nexys4DDR 210292A8AD8EA" && level==0} -index 0' command is executed.
17:34:55 INFO  : 'fpga -state' command is executed.
17:34:55 INFO  : Connected to target on host '127.0.0.1' and port '3121'.
17:34:55 INFO  : Jtag cable 'Digilent Nexys4DDR 210292A8AD8EA' is selected.
17:34:55 INFO  : 'jtag frequency' command is executed.
17:34:55 INFO  : 'configparams mdm-detect-bscan-mask 2' command is executed.
17:34:55 INFO  : Context for processor 'microblaze_0' is selected.
17:34:55 INFO  : Processor reset is completed for 'microblaze_0'.
17:34:55 INFO  : Context for processor 'microblaze_0' is selected.
17:34:55 INFO  : The application 'C:/Users/OAkun/Division/Division.sdk/Division/Debug/Division.elf' is downloaded to processor 'microblaze_0'.
17:34:55 INFO  : ----------------XSDB Script----------------
connect -url tcp:127.0.0.1:3121
configparams mdm-detect-bscan-mask 2
targets -set -nocase -filter {name =~ "microblaze*#0" && bscan=="USER2"  && jtag_cable_name =~ "Digilent Nexys4DDR 210292A8AD8EA"} -index 0
rst -processor
targets -set -nocase -filter {name =~ "microblaze*#0" && bscan=="USER2"  && jtag_cable_name =~ "Digilent Nexys4DDR 210292A8AD8EA"} -index 0
dow C:/Users/OAkun/Division/Division.sdk/Division/Debug/Division.elf
----------------End of Script----------------

17:34:55 INFO  : Memory regions updated for context MicroBlaze #0
17:34:55 INFO  : Memory regions updated for context MicroBlaze #0
17:34:56 INFO  : Context for processor 'microblaze_0' is selected.
17:34:56 INFO  : 'con' command is executed.
17:34:56 INFO  : ----------------XSDB Script (After Launch)----------------
targets -set -nocase -filter {name =~ "microblaze*#0" && bscan=="USER2"  && jtag_cable_name =~ "Digilent Nexys4DDR 210292A8AD8EA"} -index 0
con
----------------End of Script----------------

17:34:56 INFO  : Launch script is exported to file 'C:\Users\OAkun\Division\Division.sdk\.sdk\launch_scripts\xilinx_c-c++_application_(system_debugger)\system_debugger_using_debug_division.elf_on_local.tcl'
17:35:17 INFO  : Disconnected from the channel tcfchan#22.
17:35:19 INFO  : 'targets -set -filter {jtag_cable_name =~ "Digilent Nexys4DDR 210292A8AD8EA" && level==0} -index 0' command is executed.
17:35:19 INFO  : 'fpga -state' command is executed.
17:35:19 INFO  : Connected to target on host '127.0.0.1' and port '3121'.
17:35:19 INFO  : Jtag cable 'Digilent Nexys4DDR 210292A8AD8EA' is selected.
17:35:19 INFO  : 'jtag frequency' command is executed.
17:35:19 INFO  : 'configparams mdm-detect-bscan-mask 2' command is executed.
17:35:19 INFO  : Context for processor 'microblaze_0' is selected.
17:35:19 INFO  : Processor reset is completed for 'microblaze_0'.
17:35:19 INFO  : Context for processor 'microblaze_0' is selected.
17:35:19 INFO  : The application 'C:/Users/OAkun/Division/Division.sdk/Division/Debug/Division.elf' is downloaded to processor 'microblaze_0'.
17:35:19 INFO  : ----------------XSDB Script----------------
connect -url tcp:127.0.0.1:3121
configparams mdm-detect-bscan-mask 2
targets -set -nocase -filter {name =~ "microblaze*#0" && bscan=="USER2"  && jtag_cable_name =~ "Digilent Nexys4DDR 210292A8AD8EA"} -index 0
rst -processor
targets -set -nocase -filter {name =~ "microblaze*#0" && bscan=="USER2"  && jtag_cable_name =~ "Digilent Nexys4DDR 210292A8AD8EA"} -index 0
dow C:/Users/OAkun/Division/Division.sdk/Division/Debug/Division.elf
----------------End of Script----------------

17:35:19 INFO  : Memory regions updated for context MicroBlaze #0
17:35:19 INFO  : Memory regions updated for context MicroBlaze #0
17:35:19 INFO  : Context for processor 'microblaze_0' is selected.
17:35:19 INFO  : 'con' command is executed.
17:35:19 INFO  : ----------------XSDB Script (After Launch)----------------
targets -set -nocase -filter {name =~ "microblaze*#0" && bscan=="USER2"  && jtag_cable_name =~ "Digilent Nexys4DDR 210292A8AD8EA"} -index 0
con
----------------End of Script----------------

17:35:19 INFO  : Launch script is exported to file 'C:\Users\OAkun\Division\Division.sdk\.sdk\launch_scripts\xilinx_c-c++_application_(system_debugger)\system_debugger_using_debug_division.elf_on_local.tcl'
17:38:55 INFO  : Disconnected from the channel tcfchan#23.
17:38:56 INFO  : 'targets -set -filter {jtag_cable_name =~ "Digilent Nexys4DDR 210292A8AD8EA" && level==0} -index 0' command is executed.
17:38:56 INFO  : 'fpga -state' command is executed.
17:38:56 INFO  : Connected to target on host '127.0.0.1' and port '3121'.
17:38:56 INFO  : Jtag cable 'Digilent Nexys4DDR 210292A8AD8EA' is selected.
17:38:56 INFO  : 'jtag frequency' command is executed.
17:38:56 INFO  : 'configparams mdm-detect-bscan-mask 2' command is executed.
17:38:56 INFO  : Context for processor 'microblaze_0' is selected.
17:38:56 INFO  : Processor reset is completed for 'microblaze_0'.
17:38:56 INFO  : Context for processor 'microblaze_0' is selected.
17:38:56 INFO  : The application 'C:/Users/OAkun/Division/Division.sdk/Division/Debug/Division.elf' is downloaded to processor 'microblaze_0'.
17:38:56 INFO  : ----------------XSDB Script----------------
connect -url tcp:127.0.0.1:3121
configparams mdm-detect-bscan-mask 2
targets -set -nocase -filter {name =~ "microblaze*#0" && bscan=="USER2"  && jtag_cable_name =~ "Digilent Nexys4DDR 210292A8AD8EA"} -index 0
rst -processor
targets -set -nocase -filter {name =~ "microblaze*#0" && bscan=="USER2"  && jtag_cable_name =~ "Digilent Nexys4DDR 210292A8AD8EA"} -index 0
dow C:/Users/OAkun/Division/Division.sdk/Division/Debug/Division.elf
----------------End of Script----------------

17:38:56 INFO  : Memory regions updated for context MicroBlaze #0
17:38:56 INFO  : Memory regions updated for context MicroBlaze #0
17:38:56 INFO  : Context for processor 'microblaze_0' is selected.
17:38:56 INFO  : 'con' command is executed.
17:38:56 INFO  : ----------------XSDB Script (After Launch)----------------
targets -set -nocase -filter {name =~ "microblaze*#0" && bscan=="USER2"  && jtag_cable_name =~ "Digilent Nexys4DDR 210292A8AD8EA"} -index 0
con
----------------End of Script----------------

17:38:56 INFO  : Launch script is exported to file 'C:\Users\OAkun\Division\Division.sdk\.sdk\launch_scripts\xilinx_c-c++_application_(system_debugger)\system_debugger_using_debug_division.elf_on_local.tcl'
17:49:29 INFO  : Disconnected from the channel tcfchan#24.
17:49:31 INFO  : 'targets -set -filter {jtag_cable_name =~ "Digilent Nexys4DDR 210292A8AD8EA" && level==0} -index 0' command is executed.
17:49:31 INFO  : 'fpga -state' command is executed.
17:49:31 INFO  : Connected to target on host '127.0.0.1' and port '3121'.
17:49:31 INFO  : Jtag cable 'Digilent Nexys4DDR 210292A8AD8EA' is selected.
17:49:31 INFO  : 'jtag frequency' command is executed.
17:49:31 INFO  : 'configparams mdm-detect-bscan-mask 2' command is executed.
17:49:31 INFO  : Context for processor 'microblaze_0' is selected.
17:49:31 INFO  : Processor reset is completed for 'microblaze_0'.
17:49:31 INFO  : Context for processor 'microblaze_0' is selected.
17:49:31 INFO  : The application 'C:/Users/OAkun/Division/Division.sdk/Division/Debug/Division.elf' is downloaded to processor 'microblaze_0'.
17:49:31 INFO  : ----------------XSDB Script----------------
connect -url tcp:127.0.0.1:3121
configparams mdm-detect-bscan-mask 2
targets -set -nocase -filter {name =~ "microblaze*#0" && bscan=="USER2"  && jtag_cable_name =~ "Digilent Nexys4DDR 210292A8AD8EA"} -index 0
rst -processor
targets -set -nocase -filter {name =~ "microblaze*#0" && bscan=="USER2"  && jtag_cable_name =~ "Digilent Nexys4DDR 210292A8AD8EA"} -index 0
dow C:/Users/OAkun/Division/Division.sdk/Division/Debug/Division.elf
----------------End of Script----------------

17:49:31 INFO  : Memory regions updated for context MicroBlaze #0
17:49:31 INFO  : Memory regions updated for context MicroBlaze #0
17:49:31 INFO  : Context for processor 'microblaze_0' is selected.
17:49:31 INFO  : 'con' command is executed.
17:49:31 INFO  : ----------------XSDB Script (After Launch)----------------
targets -set -nocase -filter {name =~ "microblaze*#0" && bscan=="USER2"  && jtag_cable_name =~ "Digilent Nexys4DDR 210292A8AD8EA"} -index 0
con
----------------End of Script----------------

17:49:31 INFO  : Launch script is exported to file 'C:\Users\OAkun\Division\Division.sdk\.sdk\launch_scripts\xilinx_c-c++_application_(system_debugger)\system_debugger_using_debug_division.elf_on_local.tcl'
17:50:09 INFO  : Disconnected from the channel tcfchan#25.
17:50:10 INFO  : 'targets -set -filter {jtag_cable_name =~ "Digilent Nexys4DDR 210292A8AD8EA" && level==0} -index 0' command is executed.
17:50:10 INFO  : 'fpga -state' command is executed.
17:50:10 INFO  : Connected to target on host '127.0.0.1' and port '3121'.
17:50:10 INFO  : Jtag cable 'Digilent Nexys4DDR 210292A8AD8EA' is selected.
17:50:10 INFO  : 'jtag frequency' command is executed.
17:50:10 INFO  : 'configparams mdm-detect-bscan-mask 2' command is executed.
17:50:10 INFO  : Context for processor 'microblaze_0' is selected.
17:50:10 INFO  : Processor reset is completed for 'microblaze_0'.
17:50:10 INFO  : Context for processor 'microblaze_0' is selected.
17:50:10 INFO  : The application 'C:/Users/OAkun/Division/Division.sdk/Division/Debug/Division.elf' is downloaded to processor 'microblaze_0'.
17:50:10 INFO  : ----------------XSDB Script----------------
connect -url tcp:127.0.0.1:3121
configparams mdm-detect-bscan-mask 2
targets -set -nocase -filter {name =~ "microblaze*#0" && bscan=="USER2"  && jtag_cable_name =~ "Digilent Nexys4DDR 210292A8AD8EA"} -index 0
rst -processor
targets -set -nocase -filter {name =~ "microblaze*#0" && bscan=="USER2"  && jtag_cable_name =~ "Digilent Nexys4DDR 210292A8AD8EA"} -index 0
dow C:/Users/OAkun/Division/Division.sdk/Division/Debug/Division.elf
----------------End of Script----------------

17:50:10 INFO  : Memory regions updated for context MicroBlaze #0
17:50:10 INFO  : Memory regions updated for context MicroBlaze #0
17:50:10 INFO  : Context for processor 'microblaze_0' is selected.
17:50:11 INFO  : 'con' command is executed.
17:50:11 INFO  : ----------------XSDB Script (After Launch)----------------
targets -set -nocase -filter {name =~ "microblaze*#0" && bscan=="USER2"  && jtag_cable_name =~ "Digilent Nexys4DDR 210292A8AD8EA"} -index 0
con
----------------End of Script----------------

17:50:11 INFO  : Launch script is exported to file 'C:\Users\OAkun\Division\Division.sdk\.sdk\launch_scripts\xilinx_c-c++_application_(system_debugger)\system_debugger_using_debug_division.elf_on_local.tcl'
17:50:35 INFO  : Disconnected from the channel tcfchan#26.
17:50:36 INFO  : 'targets -set -filter {jtag_cable_name =~ "Digilent Nexys4DDR 210292A8AD8EA" && level==0} -index 0' command is executed.
17:50:36 INFO  : 'fpga -state' command is executed.
17:50:36 INFO  : Connected to target on host '127.0.0.1' and port '3121'.
17:50:36 INFO  : Jtag cable 'Digilent Nexys4DDR 210292A8AD8EA' is selected.
17:50:36 INFO  : 'jtag frequency' command is executed.
17:50:36 INFO  : 'configparams mdm-detect-bscan-mask 2' command is executed.
17:50:36 INFO  : Context for processor 'microblaze_0' is selected.
17:50:36 INFO  : Processor reset is completed for 'microblaze_0'.
17:50:36 INFO  : Context for processor 'microblaze_0' is selected.
17:50:37 INFO  : The application 'C:/Users/OAkun/Division/Division.sdk/Division/Debug/Division.elf' is downloaded to processor 'microblaze_0'.
17:50:37 INFO  : ----------------XSDB Script----------------
connect -url tcp:127.0.0.1:3121
configparams mdm-detect-bscan-mask 2
targets -set -nocase -filter {name =~ "microblaze*#0" && bscan=="USER2"  && jtag_cable_name =~ "Digilent Nexys4DDR 210292A8AD8EA"} -index 0
rst -processor
targets -set -nocase -filter {name =~ "microblaze*#0" && bscan=="USER2"  && jtag_cable_name =~ "Digilent Nexys4DDR 210292A8AD8EA"} -index 0
dow C:/Users/OAkun/Division/Division.sdk/Division/Debug/Division.elf
----------------End of Script----------------

17:50:37 INFO  : Memory regions updated for context MicroBlaze #0
17:50:37 INFO  : Memory regions updated for context MicroBlaze #0
17:50:37 INFO  : Context for processor 'microblaze_0' is selected.
17:50:37 INFO  : 'con' command is executed.
17:50:37 INFO  : ----------------XSDB Script (After Launch)----------------
targets -set -nocase -filter {name =~ "microblaze*#0" && bscan=="USER2"  && jtag_cable_name =~ "Digilent Nexys4DDR 210292A8AD8EA"} -index 0
con
----------------End of Script----------------

17:50:37 INFO  : Launch script is exported to file 'C:\Users\OAkun\Division\Division.sdk\.sdk\launch_scripts\xilinx_c-c++_application_(system_debugger)\system_debugger_using_debug_division.elf_on_local.tcl'
17:50:59 INFO  : Disconnected from the channel tcfchan#27.
17:51:00 INFO  : 'targets -set -filter {jtag_cable_name =~ "Digilent Nexys4DDR 210292A8AD8EA" && level==0} -index 0' command is executed.
17:51:00 INFO  : 'fpga -state' command is executed.
17:51:00 INFO  : Connected to target on host '127.0.0.1' and port '3121'.
17:51:00 INFO  : Jtag cable 'Digilent Nexys4DDR 210292A8AD8EA' is selected.
17:51:00 INFO  : 'jtag frequency' command is executed.
17:51:00 INFO  : 'configparams mdm-detect-bscan-mask 2' command is executed.
17:51:00 INFO  : Context for processor 'microblaze_0' is selected.
17:51:00 INFO  : Processor reset is completed for 'microblaze_0'.
17:51:00 INFO  : Context for processor 'microblaze_0' is selected.
17:51:00 INFO  : The application 'C:/Users/OAkun/Division/Division.sdk/Division/Debug/Division.elf' is downloaded to processor 'microblaze_0'.
17:51:00 INFO  : ----------------XSDB Script----------------
connect -url tcp:127.0.0.1:3121
configparams mdm-detect-bscan-mask 2
targets -set -nocase -filter {name =~ "microblaze*#0" && bscan=="USER2"  && jtag_cable_name =~ "Digilent Nexys4DDR 210292A8AD8EA"} -index 0
rst -processor
targets -set -nocase -filter {name =~ "microblaze*#0" && bscan=="USER2"  && jtag_cable_name =~ "Digilent Nexys4DDR 210292A8AD8EA"} -index 0
dow C:/Users/OAkun/Division/Division.sdk/Division/Debug/Division.elf
----------------End of Script----------------

17:51:00 INFO  : Memory regions updated for context MicroBlaze #0
17:51:00 INFO  : Memory regions updated for context MicroBlaze #0
17:51:00 INFO  : Context for processor 'microblaze_0' is selected.
17:51:00 INFO  : 'con' command is executed.
17:51:00 INFO  : ----------------XSDB Script (After Launch)----------------
targets -set -nocase -filter {name =~ "microblaze*#0" && bscan=="USER2"  && jtag_cable_name =~ "Digilent Nexys4DDR 210292A8AD8EA"} -index 0
con
----------------End of Script----------------

17:51:00 INFO  : Launch script is exported to file 'C:\Users\OAkun\Division\Division.sdk\.sdk\launch_scripts\xilinx_c-c++_application_(system_debugger)\system_debugger_using_debug_division.elf_on_local.tcl'
18:02:09 INFO  : Disconnected from the channel tcfchan#28.
