Copyright 1986-2019 Xilinx, Inc. All Rights Reserved.
----------------------------------------------------------------------------------------------------------
| Tool Version : Vivado v.2019.1 (win64) Build 2552052 Fri May 24 14:49:42 MDT 2019
| Date         : Wed Aug 25 20:10:08 2021
| Host         : DESKTOP-NDOLUA7 running 64-bit major release  (build 9200)
| Command      : report_control_sets -verbose -file FloatingPointDivision_wrapper_control_sets_placed.rpt
| Design       : FloatingPointDivision_wrapper
| Device       : xc7z020
----------------------------------------------------------------------------------------------------------

Control Set Information

Table of Contents
-----------------
1. Summary
2. Histogram
3. Flip-Flop Distribution
4. Detailed Control Set Information

1. Summary
----------

+----------------------------------------------------------+-------+
|                          Status                          | Count |
+----------------------------------------------------------+-------+
| Total control sets                                       |    66 |
|    Minimum number of control sets                        |    66 |
|    Addition due to synthesis replication                 |     0 |
|    Addition due to physical synthesis replication        |     0 |
| Unused register locations in slices containing registers |   131 |
+----------------------------------------------------------+-------+
* Control sets can be merged at opt_design using control_set_merge or merge_equivalent_drivers
** Run report_qor_suggestions for automated merging and remapping suggestions


2. Histogram
------------

+--------------------+-------+
|       Fanout       | Count |
+--------------------+-------+
| Total control sets |    66 |
| >= 0 to < 4        |     2 |
| >= 4 to < 6        |    16 |
| >= 6 to < 8        |     2 |
| >= 8 to < 10       |     3 |
| >= 10 to < 12      |     1 |
| >= 12 to < 14      |     6 |
| >= 14 to < 16      |     3 |
| >= 16              |    33 |
+--------------------+-------+
* Control sets can be remapped at either synth_design or opt_design


3. Flip-Flop Distribution
-------------------------

+--------------+-----------------------+------------------------+-----------------+--------------+
| Clock Enable | Synchronous Set/Reset | Asynchronous Set/Reset | Total Registers | Total Slices |
+--------------+-----------------------+------------------------+-----------------+--------------+
| No           | No                    | No                     |            2037 |          433 |
| No           | No                    | Yes                    |               0 |            0 |
| No           | Yes                   | No                     |             373 |           99 |
| Yes          | No                    | No                     |             582 |          116 |
| Yes          | No                    | Yes                    |               0 |            0 |
| Yes          | Yes                   | No                     |             269 |           56 |
+--------------+-----------------------+------------------------+-----------------+--------------+


4. Detailed Control Set Information
-----------------------------------

+--------------------------------------------------------------+-----------------------------------------------------------------------------------------------------------------------------------------------------------------------------+--------------------------------------------------------------------------------------------------------------------------------------------------------------------+------------------+----------------+
|                         Clock Signal                         |                                                                                Enable Signal                                                                                |                                                                          Set/Reset Signal                                                                          | Slice Load Count | Bel Load Count |
+--------------------------------------------------------------+-----------------------------------------------------------------------------------------------------------------------------------------------------------------------------+--------------------------------------------------------------------------------------------------------------------------------------------------------------------+------------------+----------------+
|  clk_IBUF_BUFG                                               |                                                                                                                                                                             | FloatingPointDivision_i/floating_point_2/U0/i_synth/DIV_OP.SPD.OP/EXP/STATE_DELAY/i_pipe/Q[0]                                                                      |                1 |              1 |
|  FloatingPointDivision_i/processing_system7_0/inst/FCLK_CLK0 | FloatingPointDivision_i/ps7_0_axi_periph/s00_couplers/auto_pc/inst/gen_axilite.gen_b2s_conv.axilite_b2s/WR.b_channel_0/bid_fifo_0/bresp_push                                |                                                                                                                                                                    |                1 |              2 |
|  FloatingPointDivision_i/processing_system7_0/inst/FCLK_CLK0 | FloatingPointDivision_i/axi_gpio_0/U0/AXI_LITE_IPIF_I/I_SLAVE_ATTACHMENT/bus2ip_addr_i[8]_i_1_n_0                                                                           | FloatingPointDivision_i/axi_gpio_0/U0/AXI_LITE_IPIF_I/I_SLAVE_ATTACHMENT/SR[0]                                                                                     |                1 |              4 |
|  FloatingPointDivision_i/processing_system7_0/inst/FCLK_CLK0 |                                                                                                                                                                             | FloatingPointDivision_i/axi_gpio_1/U0/AXI_LITE_IPIF_I/I_SLAVE_ATTACHMENT/clear                                                                                     |                1 |              4 |
|  FloatingPointDivision_i/processing_system7_0/inst/FCLK_CLK0 |                                                                                                                                                                             | FloatingPointDivision_i/axi_gpio_2/U0/AXI_LITE_IPIF_I/I_SLAVE_ATTACHMENT/clear                                                                                     |                1 |              4 |
|  FloatingPointDivision_i/processing_system7_0/inst/FCLK_CLK0 | FloatingPointDivision_i/axi_gpio_1/U0/AXI_LITE_IPIF_I/I_SLAVE_ATTACHMENT/bus2ip_addr_i[8]_i_1_n_0                                                                           | FloatingPointDivision_i/axi_gpio_1/U0/AXI_LITE_IPIF_I/I_SLAVE_ATTACHMENT/SR[0]                                                                                     |                1 |              4 |
|  FloatingPointDivision_i/processing_system7_0/inst/FCLK_CLK0 | FloatingPointDivision_i/axi_gpio_2/U0/AXI_LITE_IPIF_I/I_SLAVE_ATTACHMENT/bus2ip_addr_i[8]_i_1_n_0                                                                           | FloatingPointDivision_i/axi_gpio_2/U0/AXI_LITE_IPIF_I/I_SLAVE_ATTACHMENT/SR[0]                                                                                     |                1 |              4 |
|  FloatingPointDivision_i/processing_system7_0/inst/FCLK_CLK0 |                                                                                                                                                                             | FloatingPointDivision_i/axi_gpio_0/U0/AXI_LITE_IPIF_I/I_SLAVE_ATTACHMENT/clear                                                                                     |                1 |              4 |
|  FloatingPointDivision_i/processing_system7_0/inst/FCLK_CLK0 | FloatingPointDivision_i/axi_gpio_2/U0/AXI_LITE_IPIF_I/I_SLAVE_ATTACHMENT/start2                                                                                             | FloatingPointDivision_i/axi_gpio_2/U0/AXI_LITE_IPIF_I/I_SLAVE_ATTACHMENT/I_DECODER/cs_ce_clr                                                                       |                1 |              4 |
|  FloatingPointDivision_i/processing_system7_0/inst/FCLK_CLK0 | FloatingPointDivision_i/axi_gpio_0/U0/AXI_LITE_IPIF_I/I_SLAVE_ATTACHMENT/start2                                                                                             | FloatingPointDivision_i/axi_gpio_0/U0/AXI_LITE_IPIF_I/I_SLAVE_ATTACHMENT/I_DECODER/cs_ce_clr                                                                       |                1 |              4 |
|  FloatingPointDivision_i/processing_system7_0/inst/FCLK_CLK0 |                                                                                                                                                                             | FloatingPointDivision_i/rst_ps7_0_50M/U0/EXT_LPF/lpf_int                                                                                                           |                2 |              4 |
|  FloatingPointDivision_i/processing_system7_0/inst/FCLK_CLK0 |                                                                                                                                                                             | FloatingPointDivision_i/ps7_0_axi_periph/s00_couplers/auto_pc/inst/gen_axilite.gen_b2s_conv.axilite_b2s/SI_REG/ar.ar_pipe/aresetn_d_reg[1]_inv_0                   |                2 |              4 |
|  FloatingPointDivision_i/processing_system7_0/inst/FCLK_CLK0 |                                                                                                                                                                             | FloatingPointDivision_i/ps7_0_axi_periph/s00_couplers/auto_pc/inst/gen_axilite.gen_b2s_conv.axilite_b2s/SI_REG/aw.aw_pipe/aresetn_d_reg[0]_0                       |                1 |              4 |
|  FloatingPointDivision_i/processing_system7_0/inst/FCLK_CLK0 | FloatingPointDivision_i/axi_gpio_1/U0/AXI_LITE_IPIF_I/I_SLAVE_ATTACHMENT/start2                                                                                             | FloatingPointDivision_i/axi_gpio_1/U0/AXI_LITE_IPIF_I/I_SLAVE_ATTACHMENT/I_DECODER/cs_ce_clr                                                                       |                1 |              4 |
|  FloatingPointDivision_i/processing_system7_0/inst/FCLK_CLK0 | FloatingPointDivision_i/ps7_0_axi_periph/s00_couplers/auto_pc/inst/gen_axilite.gen_b2s_conv.axilite_b2s/WR.aw_channel_0/aw_cmd_fsm_0/m_valid_i_reg_0                        | FloatingPointDivision_i/ps7_0_axi_periph/s00_couplers/auto_pc/inst/gen_axilite.gen_b2s_conv.axilite_b2s/WR.aw_channel_0/aw_cmd_fsm_0/m_valid_i_reg                 |                2 |              5 |
|  FloatingPointDivision_i/processing_system7_0/inst/FCLK_CLK0 | FloatingPointDivision_i/ps7_0_axi_periph/s00_couplers/auto_pc/inst/gen_axilite.gen_b2s_conv.axilite_b2s/RD.r_channel_0/transaction_fifo_0/E[0]                              | FloatingPointDivision_i/ps7_0_axi_periph/s00_couplers/auto_pc/inst/gen_axilite.gen_b2s_conv.axilite_b2s/areset_d1                                                  |                2 |              5 |
|  FloatingPointDivision_i/processing_system7_0/inst/FCLK_CLK0 | FloatingPointDivision_i/ps7_0_axi_periph/s00_couplers/auto_pc/inst/gen_axilite.gen_b2s_conv.axilite_b2s/RD.ar_channel_0/ar_cmd_fsm_0/m_axi_arready_0                        | FloatingPointDivision_i/ps7_0_axi_periph/s00_couplers/auto_pc/inst/gen_axilite.gen_b2s_conv.axilite_b2s/RD.ar_channel_0/ar_cmd_fsm_0/FSM_sequential_state_reg[1]_0 |                2 |              5 |
|  FloatingPointDivision_i/processing_system7_0/inst/FCLK_CLK0 | FloatingPointDivision_i/ps7_0_axi_periph/s00_couplers/auto_pc/inst/gen_axilite.gen_b2s_conv.axilite_b2s/RD.r_channel_0/transaction_fifo_0/cnt_read[4]_i_1__0_n_0            | FloatingPointDivision_i/ps7_0_axi_periph/s00_couplers/auto_pc/inst/gen_axilite.gen_b2s_conv.axilite_b2s/areset_d1                                                  |                1 |              5 |
|  clk_IBUF_BUFG                                               |                                                                                                                                                                             | FloatingPointDivision_i/floating_point_2/U0/i_synth/DIV_OP.SPD.OP/EXP/STATE_DEC_DELAY/i_pipe/state_op[1]                                                           |                1 |              6 |
|  FloatingPointDivision_i/processing_system7_0/inst/FCLK_CLK0 | FloatingPointDivision_i/rst_ps7_0_50M/U0/SEQ/seq_cnt_en                                                                                                                     | FloatingPointDivision_i/rst_ps7_0_50M/U0/SEQ/SEQ_COUNTER/clear                                                                                                     |                1 |              6 |
|  clk_IBUF_BUFG                                               |                                                                                                                                                                             | FloatingPointDivision_i/floating_point_0/U0/i_synth/FIX_TO_FLT_OP.SPD.OP/LZE/ZERO_DET_CC_1/CHAIN_GEN[7].CARRYS_DEL.NEED_DEL.CARRYS_FD_0                            |                2 |              8 |
|  clk_IBUF_BUFG                                               |                                                                                                                                                                             | FloatingPointDivision_i/floating_point_1/U0/i_synth/FIX_TO_FLT_OP.SPD.OP/LZE/ZERO_DET_CC_1/CHAIN_GEN[7].CARRYS_DEL.NEED_DEL.CARRYS_FD_0                            |                2 |              8 |
|  FloatingPointDivision_i/processing_system7_0/inst/FCLK_CLK0 | FloatingPointDivision_i/ps7_0_axi_periph/s00_couplers/auto_pc/inst/gen_axilite.gen_b2s_conv.axilite_b2s/WR.b_channel_0/mhandshake_r                                         | FloatingPointDivision_i/ps7_0_axi_periph/s00_couplers/auto_pc/inst/gen_axilite.gen_b2s_conv.axilite_b2s/WR.b_channel_0/bid_fifo_0/SR[0]                            |                3 |              8 |
|  FloatingPointDivision_i/processing_system7_0/inst/FCLK_CLK0 |                                                                                                                                                                             | FloatingPointDivision_i/ps7_0_axi_periph/s00_couplers/auto_pc/inst/gen_axilite.gen_b2s_conv.axilite_b2s/areset_d1                                                  |                4 |             10 |
|  FloatingPointDivision_i/processing_system7_0/inst/FCLK_CLK0 | FloatingPointDivision_i/ps7_0_axi_periph/s00_couplers/auto_pc/inst/gen_axilite.gen_b2s_conv.axilite_b2s/WR.aw_channel_0/aw_cmd_fsm_0/E[0]                                   |                                                                                                                                                                    |                3 |             12 |
|  FloatingPointDivision_i/processing_system7_0/inst/FCLK_CLK0 | FloatingPointDivision_i/ps7_0_axi_periph/s00_couplers/auto_pc/inst/gen_axilite.gen_b2s_conv.axilite_b2s/WR.aw_channel_0/cmd_translator_0/incr_cmd_0/axaddr_incr[11]_i_1_n_0 |                                                                                                                                                                    |                2 |             12 |
|  FloatingPointDivision_i/processing_system7_0/inst/FCLK_CLK0 | FloatingPointDivision_i/ps7_0_axi_periph/s00_couplers/auto_pc/inst/gen_axilite.gen_b2s_conv.axilite_b2s/RD.ar_channel_0/ar_cmd_fsm_0/E[0]                                   |                                                                                                                                                                    |                8 |             12 |
|  FloatingPointDivision_i/processing_system7_0/inst/FCLK_CLK0 | FloatingPointDivision_i/ps7_0_axi_periph/s00_couplers/auto_pc/inst/gen_axilite.gen_b2s_conv.axilite_b2s/RD.ar_channel_0/ar_cmd_fsm_0/sel_first_reg[0]                       |                                                                                                                                                                    |                2 |             12 |
|  FloatingPointDivision_i/processing_system7_0/inst/FCLK_CLK0 |                                                                                                                                                                             | FloatingPointDivision_i/ps7_0_axi_periph/xbar/inst/gen_sasd.crossbar_sasd_0/addr_arbiter_inst/SR[0]                                                                |                4 |             13 |
|  FloatingPointDivision_i/processing_system7_0/inst/FCLK_CLK0 | FloatingPointDivision_i/ps7_0_axi_periph/s00_couplers/auto_pc/inst/gen_axilite.gen_b2s_conv.axilite_b2s/RD.r_channel_0/r_push_r                                             |                                                                                                                                                                    |                4 |             13 |
|  FloatingPointDivision_i/processing_system7_0/inst/FCLK_CLK0 | FloatingPointDivision_i/ps7_0_axi_periph/s00_couplers/auto_pc/inst/gen_axilite.gen_b2s_conv.axilite_b2s/SI_REG/b.b_pipe/p_1_in                                              |                                                                                                                                                                    |                2 |             14 |
|  FloatingPointDivision_i/processing_system7_0/inst/FCLK_CLK0 | FloatingPointDivision_i/ps7_0_axi_periph/s00_couplers/auto_pc/inst/gen_axilite.gen_b2s_conv.axilite_b2s/SI_REG/b.b_pipe/s_ready_i_reg_0                                     |                                                                                                                                                                    |                3 |             14 |
|  FloatingPointDivision_i/processing_system7_0/inst/FCLK_CLK0 | FloatingPointDivision_i/ps7_0_axi_periph/xbar/inst/gen_sasd.crossbar_sasd_0/reg_slice_r/aa_rready                                                                           |                                                                                                                                                                    |                6 |             15 |
|  FloatingPointDivision_i/processing_system7_0/inst/FCLK_CLK0 | FloatingPointDivision_i/ps7_0_axi_periph/s00_couplers/auto_pc/inst/gen_axilite.gen_b2s_conv.axilite_b2s/WR.aw_channel_0/aw_cmd_fsm_0/b_push                                 |                                                                                                                                                                    |                3 |             16 |
|  FloatingPointDivision_i/processing_system7_0/inst/FCLK_CLK0 | FloatingPointDivision_i/ps7_0_axi_periph/xbar/inst/gen_sasd.crossbar_sasd_0/addr_arbiter_inst/p_0_in1_in                                                                    | FloatingPointDivision_i/ps7_0_axi_periph/xbar/inst/gen_sasd.crossbar_sasd_0/addr_arbiter_inst/SR[0]                                                                |                6 |             19 |
|  FloatingPointDivision_i/processing_system7_0/inst/FCLK_CLK0 | FloatingPointDivision_i/ps7_0_axi_periph/s00_couplers/auto_pc/inst/gen_axilite.gen_b2s_conv.axilite_b2s/WR.aw_channel_0/aw_cmd_fsm_0/m_valid_i_reg_0                        |                                                                                                                                                                    |                6 |             21 |
|  FloatingPointDivision_i/processing_system7_0/inst/FCLK_CLK0 | FloatingPointDivision_i/ps7_0_axi_periph/s00_couplers/auto_pc/inst/gen_axilite.gen_b2s_conv.axilite_b2s/RD.ar_channel_0/ar_cmd_fsm_0/m_axi_arready_0                        |                                                                                                                                                                    |                6 |             21 |
|  clk_IBUF_BUFG                                               |                                                                                                                                                                             | FloatingPointDivision_i/floating_point_0/U0/i_synth/FIX_TO_FLT_OP.SPD.OP/EXP/ZERO_DELAY/i_pipe/opt_has_pipe.i_pipe[2].pipe_reg[2][0]_0                             |                3 |             22 |
|  clk_IBUF_BUFG                                               |                                                                                                                                                                             | FloatingPointDivision_i/floating_point_1/U0/i_synth/FIX_TO_FLT_OP.SPD.OP/EXP/ZERO_DELAY/i_pipe/opt_has_pipe.i_pipe[2].pipe_reg[2][0]_0                             |                3 |             22 |
|  clk_IBUF_BUFG                                               |                                                                                                                                                                             | FloatingPointDivision_i/floating_point_2/U0/i_synth/DIV_OP.SPD.OP/EXP/STATE_DEC_DELAY/i_pipe/state_op[5]                                                           |                6 |             22 |
|  FloatingPointDivision_i/processing_system7_0/inst/FCLK_CLK0 |                                                                                                                                                                             | FloatingPointDivision_i/axi_gpio_2/U0/AXI_LITE_IPIF_I/I_SLAVE_ATTACHMENT/I_DECODER/bus2ip_rnw_i_reg_0                                                              |               11 |             32 |
|  FloatingPointDivision_i/processing_system7_0/inst/FCLK_CLK0 | FloatingPointDivision_i/axi_gpio_2/U0/AXI_LITE_IPIF_I/I_SLAVE_ATTACHMENT/s_axi_rresp_i                                                                                      | FloatingPointDivision_i/axi_gpio_2/U0/AXI_LITE_IPIF_I/I_SLAVE_ATTACHMENT/SR[0]                                                                                     |                6 |             32 |
|  FloatingPointDivision_i/processing_system7_0/inst/FCLK_CLK0 | FloatingPointDivision_i/axi_gpio_1/U0/AXI_LITE_IPIF_I/I_SLAVE_ATTACHMENT/I_DECODER/E[0]                                                                                     | FloatingPointDivision_i/axi_gpio_1/U0/AXI_LITE_IPIF_I/I_SLAVE_ATTACHMENT/SR[0]                                                                                     |                5 |             32 |
|  FloatingPointDivision_i/processing_system7_0/inst/FCLK_CLK0 | FloatingPointDivision_i/axi_gpio_1/U0/AXI_LITE_IPIF_I/I_SLAVE_ATTACHMENT/s_axi_rresp_i                                                                                      | FloatingPointDivision_i/axi_gpio_1/U0/AXI_LITE_IPIF_I/I_SLAVE_ATTACHMENT/SR[0]                                                                                     |                5 |             32 |
|  FloatingPointDivision_i/processing_system7_0/inst/FCLK_CLK0 | FloatingPointDivision_i/axi_gpio_0/U0/AXI_LITE_IPIF_I/I_SLAVE_ATTACHMENT/I_DECODER/E[0]                                                                                     | FloatingPointDivision_i/axi_gpio_0/U0/AXI_LITE_IPIF_I/I_SLAVE_ATTACHMENT/SR[0]                                                                                     |                5 |             32 |
|  FloatingPointDivision_i/processing_system7_0/inst/FCLK_CLK0 | FloatingPointDivision_i/axi_gpio_0/U0/AXI_LITE_IPIF_I/I_SLAVE_ATTACHMENT/s_axi_rresp_i                                                                                      | FloatingPointDivision_i/axi_gpio_0/U0/AXI_LITE_IPIF_I/I_SLAVE_ATTACHMENT/SR[0]                                                                                     |                6 |             32 |
|  FloatingPointDivision_i/processing_system7_0/inst/FCLK_CLK0 |                                                                                                                                                                             | FloatingPointDivision_i/axi_gpio_0/U0/gpio_core_1/Read_Reg_Rst__0                                                                                                  |                5 |             32 |
|  clk_IBUF_BUFG                                               | FloatingPointDivision_i/floating_point_0/U0/i_synth/need_combiner.use_2to1.skid_buffer_combiner/p_30_in                                                                     |                                                                                                                                                                    |                5 |             32 |
|  clk_IBUF_BUFG                                               | FloatingPointDivision_i/floating_point_1/U0/i_synth/need_combiner.use_2to1.skid_buffer_combiner/p_30_in                                                                     |                                                                                                                                                                    |                6 |             32 |
|  clk_IBUF_BUFG                                               | FloatingPointDivision_i/floating_point_2/U0/i_synth/need_combiner.use_2to1.skid_buffer_combiner/p_16_in                                                                     |                                                                                                                                                                    |                5 |             32 |
|  clk_IBUF_BUFG                                               | FloatingPointDivision_i/floating_point_2/U0/i_synth/need_combiner.use_2to1.skid_buffer_combiner/p_30_in                                                                     |                                                                                                                                                                    |                5 |             32 |
|  FloatingPointDivision_i/processing_system7_0/inst/FCLK_CLK0 | FloatingPointDivision_i/axi_gpio_2/U0/AXI_LITE_IPIF_I/I_SLAVE_ATTACHMENT/I_DECODER/E[0]                                                                                     | FloatingPointDivision_i/axi_gpio_2/U0/AXI_LITE_IPIF_I/I_SLAVE_ATTACHMENT/SR[0]                                                                                     |                6 |             32 |
|  FloatingPointDivision_i/processing_system7_0/inst/FCLK_CLK0 |                                                                                                                                                                             | FloatingPointDivision_i/axi_gpio_1/U0/gpio_core_1/Read_Reg_Rst__0                                                                                                  |                5 |             32 |
|  FloatingPointDivision_i/processing_system7_0/inst/FCLK_CLK0 | FloatingPointDivision_i/ps7_0_axi_periph/s00_couplers/auto_pc/inst/gen_axilite.gen_b2s_conv.axilite_b2s/RD.r_channel_0/rd_data_fifo_0/wr_en0                                |                                                                                                                                                                    |                9 |             34 |
|  FloatingPointDivision_i/processing_system7_0/inst/FCLK_CLK0 | FloatingPointDivision_i/ps7_0_axi_periph/xbar/inst/gen_sasd.crossbar_sasd_0/addr_arbiter_inst/E[0]                                                                          |                                                                                                                                                                    |                6 |             35 |
|  FloatingPointDivision_i/processing_system7_0/inst/FCLK_CLK0 |                                                                                                                                                                             | FloatingPointDivision_i/axi_gpio_0/U0/AXI_LITE_IPIF_I/I_SLAVE_ATTACHMENT/SR[0]                                                                                     |               15 |             47 |
|  FloatingPointDivision_i/processing_system7_0/inst/FCLK_CLK0 |                                                                                                                                                                             | FloatingPointDivision_i/axi_gpio_1/U0/AXI_LITE_IPIF_I/I_SLAVE_ATTACHMENT/SR[0]                                                                                     |               15 |             47 |
|  FloatingPointDivision_i/processing_system7_0/inst/FCLK_CLK0 |                                                                                                                                                                             | FloatingPointDivision_i/axi_gpio_2/U0/AXI_LITE_IPIF_I/I_SLAVE_ATTACHMENT/SR[0]                                                                                     |               14 |             47 |
|  FloatingPointDivision_i/processing_system7_0/inst/FCLK_CLK0 | FloatingPointDivision_i/ps7_0_axi_periph/s00_couplers/auto_pc/inst/gen_axilite.gen_b2s_conv.axilite_b2s/SI_REG/r.r_pipe/p_1_in                                              |                                                                                                                                                                    |                6 |             47 |
|  FloatingPointDivision_i/processing_system7_0/inst/FCLK_CLK0 | FloatingPointDivision_i/ps7_0_axi_periph/s00_couplers/auto_pc/inst/gen_axilite.gen_b2s_conv.axilite_b2s/SI_REG/r.r_pipe/s_ready_i_reg_0                                     |                                                                                                                                                                    |                9 |             47 |
|  FloatingPointDivision_i/processing_system7_0/inst/FCLK_CLK0 | FloatingPointDivision_i/ps7_0_axi_periph/s00_couplers/auto_pc/inst/gen_axilite.gen_b2s_conv.axilite_b2s/WR.aw_channel_0/aw_cmd_fsm_0/m_valid_i_reg_1[0]                     |                                                                                                                                                                    |                7 |             48 |
|  FloatingPointDivision_i/processing_system7_0/inst/FCLK_CLK0 | FloatingPointDivision_i/ps7_0_axi_periph/s00_couplers/auto_pc/inst/gen_axilite.gen_b2s_conv.axilite_b2s/SI_REG/ar.ar_pipe/s_ready_i_reg_0                                   |                                                                                                                                                                    |               11 |             48 |
|  FloatingPointDivision_i/processing_system7_0/inst/FCLK_CLK0 | FloatingPointDivision_i/ps7_0_axi_periph/s00_couplers/auto_pc/inst/gen_axilite.gen_b2s_conv.axilite_b2s/SI_REG/aw.aw_pipe/s_ready_i_reg_0                                   |                                                                                                                                                                    |                9 |             48 |
|  FloatingPointDivision_i/processing_system7_0/inst/FCLK_CLK0 | FloatingPointDivision_i/ps7_0_axi_periph/s00_couplers/auto_pc/inst/gen_axilite.gen_b2s_conv.axilite_b2s/RD.ar_channel_0/ar_cmd_fsm_0/FSM_sequential_state_reg[1]_1[0]       |                                                                                                                                                                    |                9 |             48 |
|  FloatingPointDivision_i/processing_system7_0/inst/FCLK_CLK0 |                                                                                                                                                                             |                                                                                                                                                                    |               88 |            312 |
|  clk_IBUF_BUFG                                               |                                                                                                                                                                             |                                                                                                                                                                    |              346 |           1765 |
+--------------------------------------------------------------+-----------------------------------------------------------------------------------------------------------------------------------------------------------------------------+--------------------------------------------------------------------------------------------------------------------------------------------------------------------+------------------+----------------+


