#-----------------------------------------------------------
# Vivado v2019.1 (64-bit)
# SW Build 2552052 on Fri May 24 14:49:42 MDT 2019
# IP Build 2548770 on Fri May 24 18:01:18 MDT 2019
# Start of session at: Mon Aug 30 12:16:38 2021
# Process ID: 18912
# Current directory: C:/Users/OAkun/Division
# Command line: vivado.exe -gui_launcher_event rodinguilauncherevent9352 C:\Users\OAkun\Division\Division.xpr
# Log file: C:/Users/OAkun/Division/vivado.log
# Journal file: C:/Users/OAkun/Division\vivado.jou
#-----------------------------------------------------------
start_gui
open_project C:/Users/OAkun/Division/Division.xpr
Scanning sources...
Finished scanning sources
INFO: [IP_Flow 19-234] Refreshing IP repositories
INFO: [IP_Flow 19-1704] No user IP repositories specified
INFO: [IP_Flow 19-2313] Loaded Vivado IP repository 'C:/Xilinx/Vivado/2019.1/data/ip'.
open_project: Time (s): cpu = 00:00:21 ; elapsed = 00:00:16 . Memory (MB): peak = 927.781 ; gain = 286.848
update_compile_order -fileset sources_1
exit
INFO: [Common 17-206] Exiting Vivado at Mon Aug 30 12:17:42 2021...
