
*** Running vivado
    with args -log FloatingPointDivision_wrapper.vdi -applog -m64 -product Vivado -messageDb vivado.pb -mode batch -source FloatingPointDivision_wrapper.tcl -notrace


****** Vivado v2019.1 (64-bit)
  **** SW Build 2552052 on Fri May 24 14:49:42 MDT 2019
  **** IP Build 2548770 on Fri May 24 18:01:18 MDT 2019
    ** Copyright 1986-2019 Xilinx, Inc. All Rights Reserved.

source FloatingPointDivision_wrapper.tcl -notrace
INFO: [IP_Flow 19-234] Refreshing IP repositories
INFO: [IP_Flow 19-1704] No user IP repositories specified
INFO: [IP_Flow 19-2313] Loaded Vivado IP repository 'C:/Xilinx/Vivado/2019.1/data/ip'.
Command: link_design -top FloatingPointDivision_wrapper -part xc7z020clg400-1
Design is defaulting to srcset: sources_1
Design is defaulting to constrset: constrs_1
INFO: [Device 21-403] Loading part xc7z020clg400-1
INFO: [Project 1-454] Reading design checkpoint 'c:/Users/OAkun/FloatingDivisionZybo/FloatingDivisionZybo.srcs/sources_1/bd/FloatingPointDivision/ip/FloatingPointDivision_axi_gpio_0_0/FloatingPointDivision_axi_gpio_0_0.dcp' for cell 'FloatingPointDivision_i/axi_gpio_0'
INFO: [Project 1-454] Reading design checkpoint 'c:/Users/OAkun/FloatingDivisionZybo/FloatingDivisionZybo.srcs/sources_1/bd/FloatingPointDivision/ip/FloatingPointDivision_axi_gpio_1_0/FloatingPointDivision_axi_gpio_1_0.dcp' for cell 'FloatingPointDivision_i/axi_gpio_1'
INFO: [Project 1-454] Reading design checkpoint 'c:/Users/OAkun/FloatingDivisionZybo/FloatingDivisionZybo.srcs/sources_1/bd/FloatingPointDivision/ip/FloatingPointDivision_axi_gpio_2_0/FloatingPointDivision_axi_gpio_2_0.dcp' for cell 'FloatingPointDivision_i/axi_gpio_2'
INFO: [Project 1-454] Reading design checkpoint 'c:/Users/OAkun/FloatingDivisionZybo/FloatingDivisionZybo.srcs/sources_1/bd/FloatingPointDivision/ip/FloatingPointDivision_floating_point_0_0/FloatingPointDivision_floating_point_0_0.dcp' for cell 'FloatingPointDivision_i/floating_point_0'
INFO: [Project 1-454] Reading design checkpoint 'c:/Users/OAkun/FloatingDivisionZybo/FloatingDivisionZybo.srcs/sources_1/bd/FloatingPointDivision/ip/FloatingPointDivision_floating_point_1_0/FloatingPointDivision_floating_point_1_0.dcp' for cell 'FloatingPointDivision_i/floating_point_1'
INFO: [Project 1-454] Reading design checkpoint 'c:/Users/OAkun/FloatingDivisionZybo/FloatingDivisionZybo.srcs/sources_1/bd/FloatingPointDivision/ip/FloatingPointDivision_floating_point_2_0/FloatingPointDivision_floating_point_2_0.dcp' for cell 'FloatingPointDivision_i/floating_point_2'
INFO: [Project 1-454] Reading design checkpoint 'c:/Users/OAkun/FloatingDivisionZybo/FloatingDivisionZybo.srcs/sources_1/bd/FloatingPointDivision/ip/FloatingPointDivision_processing_system7_0_1/FloatingPointDivision_processing_system7_0_1.dcp' for cell 'FloatingPointDivision_i/processing_system7_0'
INFO: [Project 1-454] Reading design checkpoint 'c:/Users/OAkun/FloatingDivisionZybo/FloatingDivisionZybo.srcs/sources_1/bd/FloatingPointDivision/ip/FloatingPointDivision_rst_ps7_0_50M_0/FloatingPointDivision_rst_ps7_0_50M_0.dcp' for cell 'FloatingPointDivision_i/rst_ps7_0_50M'
INFO: [Project 1-454] Reading design checkpoint 'c:/Users/OAkun/FloatingDivisionZybo/FloatingDivisionZybo.srcs/sources_1/bd/FloatingPointDivision/ip/FloatingPointDivision_xbar_0/FloatingPointDivision_xbar_0.dcp' for cell 'FloatingPointDivision_i/ps7_0_axi_periph/xbar'
INFO: [Project 1-454] Reading design checkpoint 'c:/Users/OAkun/FloatingDivisionZybo/FloatingDivisionZybo.srcs/sources_1/bd/FloatingPointDivision/ip/FloatingPointDivision_auto_pc_0/FloatingPointDivision_auto_pc_0.dcp' for cell 'FloatingPointDivision_i/ps7_0_axi_periph/s00_couplers/auto_pc'
INFO: [Netlist 29-17] Analyzing 252 Unisim elements for replacement
INFO: [Netlist 29-28] Unisim Transformation completed in 0 CPU seconds
INFO: [Project 1-479] Netlist was created with Vivado 2019.1
INFO: [Project 1-570] Preparing netlist for logic optimization
Parsing XDC File [c:/Users/OAkun/FloatingDivisionZybo/FloatingDivisionZybo.srcs/sources_1/bd/FloatingPointDivision/ip/FloatingPointDivision_axi_gpio_0_0/FloatingPointDivision_axi_gpio_0_0_board.xdc] for cell 'FloatingPointDivision_i/axi_gpio_0/U0'
Finished Parsing XDC File [c:/Users/OAkun/FloatingDivisionZybo/FloatingDivisionZybo.srcs/sources_1/bd/FloatingPointDivision/ip/FloatingPointDivision_axi_gpio_0_0/FloatingPointDivision_axi_gpio_0_0_board.xdc] for cell 'FloatingPointDivision_i/axi_gpio_0/U0'
Parsing XDC File [c:/Users/OAkun/FloatingDivisionZybo/FloatingDivisionZybo.srcs/sources_1/bd/FloatingPointDivision/ip/FloatingPointDivision_axi_gpio_0_0/FloatingPointDivision_axi_gpio_0_0.xdc] for cell 'FloatingPointDivision_i/axi_gpio_0/U0'
Finished Parsing XDC File [c:/Users/OAkun/FloatingDivisionZybo/FloatingDivisionZybo.srcs/sources_1/bd/FloatingPointDivision/ip/FloatingPointDivision_axi_gpio_0_0/FloatingPointDivision_axi_gpio_0_0.xdc] for cell 'FloatingPointDivision_i/axi_gpio_0/U0'
Parsing XDC File [c:/Users/OAkun/FloatingDivisionZybo/FloatingDivisionZybo.srcs/sources_1/bd/FloatingPointDivision/ip/FloatingPointDivision_axi_gpio_1_0/FloatingPointDivision_axi_gpio_1_0_board.xdc] for cell 'FloatingPointDivision_i/axi_gpio_1/U0'
Finished Parsing XDC File [c:/Users/OAkun/FloatingDivisionZybo/FloatingDivisionZybo.srcs/sources_1/bd/FloatingPointDivision/ip/FloatingPointDivision_axi_gpio_1_0/FloatingPointDivision_axi_gpio_1_0_board.xdc] for cell 'FloatingPointDivision_i/axi_gpio_1/U0'
Parsing XDC File [c:/Users/OAkun/FloatingDivisionZybo/FloatingDivisionZybo.srcs/sources_1/bd/FloatingPointDivision/ip/FloatingPointDivision_axi_gpio_1_0/FloatingPointDivision_axi_gpio_1_0.xdc] for cell 'FloatingPointDivision_i/axi_gpio_1/U0'
Finished Parsing XDC File [c:/Users/OAkun/FloatingDivisionZybo/FloatingDivisionZybo.srcs/sources_1/bd/FloatingPointDivision/ip/FloatingPointDivision_axi_gpio_1_0/FloatingPointDivision_axi_gpio_1_0.xdc] for cell 'FloatingPointDivision_i/axi_gpio_1/U0'
Parsing XDC File [c:/Users/OAkun/FloatingDivisionZybo/FloatingDivisionZybo.srcs/sources_1/bd/FloatingPointDivision/ip/FloatingPointDivision_axi_gpio_2_0/FloatingPointDivision_axi_gpio_2_0_board.xdc] for cell 'FloatingPointDivision_i/axi_gpio_2/U0'
Finished Parsing XDC File [c:/Users/OAkun/FloatingDivisionZybo/FloatingDivisionZybo.srcs/sources_1/bd/FloatingPointDivision/ip/FloatingPointDivision_axi_gpio_2_0/FloatingPointDivision_axi_gpio_2_0_board.xdc] for cell 'FloatingPointDivision_i/axi_gpio_2/U0'
Parsing XDC File [c:/Users/OAkun/FloatingDivisionZybo/FloatingDivisionZybo.srcs/sources_1/bd/FloatingPointDivision/ip/FloatingPointDivision_axi_gpio_2_0/FloatingPointDivision_axi_gpio_2_0.xdc] for cell 'FloatingPointDivision_i/axi_gpio_2/U0'
Finished Parsing XDC File [c:/Users/OAkun/FloatingDivisionZybo/FloatingDivisionZybo.srcs/sources_1/bd/FloatingPointDivision/ip/FloatingPointDivision_axi_gpio_2_0/FloatingPointDivision_axi_gpio_2_0.xdc] for cell 'FloatingPointDivision_i/axi_gpio_2/U0'
Parsing XDC File [c:/Users/OAkun/FloatingDivisionZybo/FloatingDivisionZybo.srcs/sources_1/bd/FloatingPointDivision/ip/FloatingPointDivision_processing_system7_0_1/FloatingPointDivision_processing_system7_0_1.xdc] for cell 'FloatingPointDivision_i/processing_system7_0/inst'
Finished Parsing XDC File [c:/Users/OAkun/FloatingDivisionZybo/FloatingDivisionZybo.srcs/sources_1/bd/FloatingPointDivision/ip/FloatingPointDivision_processing_system7_0_1/FloatingPointDivision_processing_system7_0_1.xdc] for cell 'FloatingPointDivision_i/processing_system7_0/inst'
Parsing XDC File [c:/Users/OAkun/FloatingDivisionZybo/FloatingDivisionZybo.srcs/sources_1/bd/FloatingPointDivision/ip/FloatingPointDivision_rst_ps7_0_50M_0/FloatingPointDivision_rst_ps7_0_50M_0_board.xdc] for cell 'FloatingPointDivision_i/rst_ps7_0_50M/U0'
Finished Parsing XDC File [c:/Users/OAkun/FloatingDivisionZybo/FloatingDivisionZybo.srcs/sources_1/bd/FloatingPointDivision/ip/FloatingPointDivision_rst_ps7_0_50M_0/FloatingPointDivision_rst_ps7_0_50M_0_board.xdc] for cell 'FloatingPointDivision_i/rst_ps7_0_50M/U0'
Parsing XDC File [c:/Users/OAkun/FloatingDivisionZybo/FloatingDivisionZybo.srcs/sources_1/bd/FloatingPointDivision/ip/FloatingPointDivision_rst_ps7_0_50M_0/FloatingPointDivision_rst_ps7_0_50M_0.xdc] for cell 'FloatingPointDivision_i/rst_ps7_0_50M/U0'
Finished Parsing XDC File [c:/Users/OAkun/FloatingDivisionZybo/FloatingDivisionZybo.srcs/sources_1/bd/FloatingPointDivision/ip/FloatingPointDivision_rst_ps7_0_50M_0/FloatingPointDivision_rst_ps7_0_50M_0.xdc] for cell 'FloatingPointDivision_i/rst_ps7_0_50M/U0'
Parsing XDC File [C:/Users/OAkun/FloatingDivisionZybo/FloatingDivisionZybo.srcs/constrs_1/new/ZYBOFloatingPointDivision.xdc]
WARNING: [Vivado 12-584] No ports matched 'gameoverLed'. [C:/Users/OAkun/FloatingDivisionZybo/FloatingDivisionZybo.srcs/constrs_1/new/ZYBOFloatingPointDivision.xdc:34]
CRITICAL WARNING: [Common 17-55] 'set_property' expects at least one object. [C:/Users/OAkun/FloatingDivisionZybo/FloatingDivisionZybo.srcs/constrs_1/new/ZYBOFloatingPointDivision.xdc:34]
Resolution: If [get_<value>] was used to populate the object, check to make sure this command returns at least one valid object.
Finished Parsing XDC File [C:/Users/OAkun/FloatingDivisionZybo/FloatingDivisionZybo.srcs/constrs_1/new/ZYBOFloatingPointDivision.xdc]
INFO: [Opt 31-138] Pushed 0 inverter(s) to 0 load pin(s).
Netlist sorting complete. Time (s): cpu = 00:00:00 ; elapsed = 00:00:00.010 . Memory (MB): peak = 882.434 ; gain = 0.000
INFO: [Project 1-111] Unisim Transformation Summary:
No Unisim elements were transformed.

20 Infos, 1 Warnings, 1 Critical Warnings and 0 Errors encountered.
link_design completed successfully
link_design: Time (s): cpu = 00:00:19 ; elapsed = 00:00:25 . Memory (MB): peak = 882.434 ; gain = 436.449
Command: opt_design
Attempting to get a license for feature 'Implementation' and/or device 'xc7z020'
INFO: [Common 17-349] Got license for feature 'Implementation' and/or device 'xc7z020'
Running DRC as a precondition to command opt_design

Starting DRC Task
INFO: [DRC 23-27] Running DRC with 2 threads
INFO: [Project 1-461] DRC finished with 0 Errors
INFO: [Project 1-462] Please refer to the DRC report (report_drc) for more information.

Time (s): cpu = 00:00:02 ; elapsed = 00:00:01 . Memory (MB): peak = 904.566 ; gain = 22.133

Starting Cache Timing Information Task
INFO: [Timing 38-35] Done setting XDC timing constraints.
Ending Cache Timing Information Task | Checksum: 18eb8a4a5

Time (s): cpu = 00:00:15 ; elapsed = 00:00:16 . Memory (MB): peak = 1454.637 ; gain = 550.070

Starting Logic Optimization Task

Phase 1 Retarget
INFO: [Opt 31-138] Pushed 0 inverter(s) to 0 load pin(s).
INFO: [Opt 31-49] Retargeted 0 cell(s).
Phase 1 Retarget | Checksum: 12e125923

Time (s): cpu = 00:00:01 ; elapsed = 00:00:00.729 . Memory (MB): peak = 1598.922 ; gain = 0.000
INFO: [Opt 31-389] Phase Retarget created 10 cells and removed 67 cells

Phase 2 Constant propagation
INFO: [Opt 31-138] Pushed 0 inverter(s) to 0 load pin(s).
Phase 2 Constant propagation | Checksum: d204ec5f

Time (s): cpu = 00:00:01 ; elapsed = 00:00:01 . Memory (MB): peak = 1598.922 ; gain = 0.000
INFO: [Opt 31-389] Phase Constant propagation created 156 cells and removed 325 cells

Phase 3 Sweep
Phase 3 Sweep | Checksum: 832faa6f

Time (s): cpu = 00:00:02 ; elapsed = 00:00:02 . Memory (MB): peak = 1598.922 ; gain = 0.000
INFO: [Opt 31-389] Phase Sweep created 0 cells and removed 352 cells

Phase 4 BUFG optimization
INFO: [Opt 31-194] Inserted BUFG clk_IBUF_BUFG_inst to drive 1982 load(s) on clock net clk_IBUF_BUFG
INFO: [Opt 31-193] Inserted 1 BUFG(s) on clock nets
Phase 4 BUFG optimization | Checksum: 9b4d94e9

Time (s): cpu = 00:00:03 ; elapsed = 00:00:03 . Memory (MB): peak = 1598.922 ; gain = 0.000
INFO: [Opt 31-662] Phase BUFG optimization created 1 cells of which 1 are BUFGs and removed 0 cells.

Phase 5 Shift Register Optimization
INFO: [Opt 31-1064] SRL Remap converted 0 SRLs to 0 registers and converted 0 registers of register chains to 0 SRLs
Phase 5 Shift Register Optimization | Checksum: 9b4d94e9

Time (s): cpu = 00:00:03 ; elapsed = 00:00:03 . Memory (MB): peak = 1598.922 ; gain = 0.000
INFO: [Opt 31-389] Phase Shift Register Optimization created 0 cells and removed 0 cells

Phase 6 Post Processing Netlist
Phase 6 Post Processing Netlist | Checksum: 9b4d94e9

Time (s): cpu = 00:00:03 ; elapsed = 00:00:03 . Memory (MB): peak = 1598.922 ; gain = 0.000
INFO: [Opt 31-389] Phase Post Processing Netlist created 0 cells and removed 0 cells
Opt_design Change Summary
=========================


-------------------------------------------------------------------------------------------------------------------------
|  Phase                        |  #Cells created  |  #Cells Removed  |  #Constrained objects preventing optimizations  |
-------------------------------------------------------------------------------------------------------------------------
|  Retarget                     |              10  |              67  |                                              0  |
|  Constant propagation         |             156  |             325  |                                              0  |
|  Sweep                        |               0  |             352  |                                              0  |
|  BUFG optimization            |               1  |               0  |                                              0  |
|  Shift Register Optimization  |               0  |               0  |                                              0  |
|  Post Processing Netlist      |               0  |               0  |                                              0  |
-------------------------------------------------------------------------------------------------------------------------



Starting Connectivity Check Task

Time (s): cpu = 00:00:00 ; elapsed = 00:00:00.022 . Memory (MB): peak = 1598.922 ; gain = 0.000
Ending Logic Optimization Task | Checksum: 23126d1bd

Time (s): cpu = 00:00:04 ; elapsed = 00:00:04 . Memory (MB): peak = 1598.922 ; gain = 0.000

Starting Power Optimization Task
INFO: [Pwropt 34-132] Skipping clock gating for clocks with a period < 2.00 ns.
Ending Power Optimization Task | Checksum: 23126d1bd

Time (s): cpu = 00:00:00 ; elapsed = 00:00:00.041 . Memory (MB): peak = 1598.922 ; gain = 0.000

Starting Final Cleanup Task
Ending Final Cleanup Task | Checksum: 23126d1bd

Time (s): cpu = 00:00:00 ; elapsed = 00:00:00 . Memory (MB): peak = 1598.922 ; gain = 0.000

Starting Netlist Obfuscation Task
Netlist sorting complete. Time (s): cpu = 00:00:00 ; elapsed = 00:00:00.015 . Memory (MB): peak = 1598.922 ; gain = 0.000
Ending Netlist Obfuscation Task | Checksum: 23126d1bd

Time (s): cpu = 00:00:00 ; elapsed = 00:00:00.015 . Memory (MB): peak = 1598.922 ; gain = 0.000
INFO: [Common 17-83] Releasing license: Implementation
39 Infos, 1 Warnings, 1 Critical Warnings and 0 Errors encountered.
opt_design completed successfully
opt_design: Time (s): cpu = 00:00:24 ; elapsed = 00:00:24 . Memory (MB): peak = 1598.922 ; gain = 716.488
Netlist sorting complete. Time (s): cpu = 00:00:00 ; elapsed = 00:00:00.013 . Memory (MB): peak = 1598.922 ; gain = 0.000
INFO: [Timing 38-480] Writing timing data to binary archive.
Writing placer database...
Writing XDEF routing.
Writing XDEF routing logical nets.
Writing XDEF routing special nets.
Write XDEF Complete: Time (s): cpu = 00:00:01 ; elapsed = 00:00:00.168 . Memory (MB): peak = 1598.922 ; gain = 0.000
INFO: [Common 17-1381] The checkpoint 'C:/Users/OAkun/FloatingDivisionZybo/FloatingDivisionZybo.runs/impl_1/FloatingPointDivision_wrapper_opt.dcp' has been generated.
INFO: [runtcl-4] Executing : report_drc -file FloatingPointDivision_wrapper_drc_opted.rpt -pb FloatingPointDivision_wrapper_drc_opted.pb -rpx FloatingPointDivision_wrapper_drc_opted.rpx
Command: report_drc -file FloatingPointDivision_wrapper_drc_opted.rpt -pb FloatingPointDivision_wrapper_drc_opted.pb -rpx FloatingPointDivision_wrapper_drc_opted.rpx
INFO: [IP_Flow 19-1839] IP Catalog is up to date.
INFO: [DRC 23-27] Running DRC with 2 threads
INFO: [Coretcl 2-168] The results of DRC are in file C:/Users/OAkun/FloatingDivisionZybo/FloatingDivisionZybo.runs/impl_1/FloatingPointDivision_wrapper_drc_opted.rpt.
report_drc completed successfully
report_drc: Time (s): cpu = 00:00:08 ; elapsed = 00:00:05 . Memory (MB): peak = 1598.922 ; gain = 0.000
Command: place_design
Attempting to get a license for feature 'Implementation' and/or device 'xc7z020'
INFO: [Common 17-349] Got license for feature 'Implementation' and/or device 'xc7z020'
INFO: [DRC 23-27] Running DRC with 2 threads
INFO: [Vivado_Tcl 4-198] DRC finished with 0 Errors
INFO: [Vivado_Tcl 4-199] Please refer to the DRC report (report_drc) for more information.
Running DRC as a precondition to command place_design
INFO: [DRC 23-27] Running DRC with 2 threads
INFO: [Vivado_Tcl 4-198] DRC finished with 0 Errors
INFO: [Vivado_Tcl 4-199] Please refer to the DRC report (report_drc) for more information.

Starting Placer Task
INFO: [Place 30-611] Multithreading enabled for place_design using a maximum of 2 CPUs

Phase 1 Placer Initialization

Phase 1.1 Placer Initialization Netlist Sorting
Netlist sorting complete. Time (s): cpu = 00:00:00 ; elapsed = 00:00:00.010 . Memory (MB): peak = 1598.922 ; gain = 0.000
Phase 1.1 Placer Initialization Netlist Sorting | Checksum: 145d8dff9

Time (s): cpu = 00:00:00 ; elapsed = 00:00:00.030 . Memory (MB): peak = 1598.922 ; gain = 0.000
Netlist sorting complete. Time (s): cpu = 00:00:00 ; elapsed = 00:00:00.017 . Memory (MB): peak = 1598.922 ; gain = 0.000

Phase 1.2 IO Placement/ Clock Placement/ Build Placer Device
INFO: [Timing 38-35] Done setting XDC timing constraints.
Phase 1.2 IO Placement/ Clock Placement/ Build Placer Device | Checksum: 19f8643c5

Time (s): cpu = 00:00:04 ; elapsed = 00:00:04 . Memory (MB): peak = 1598.922 ; gain = 0.000

Phase 1.3 Build Placer Netlist Model
Phase 1.3 Build Placer Netlist Model | Checksum: 1cf86e80c

Time (s): cpu = 00:00:06 ; elapsed = 00:00:06 . Memory (MB): peak = 1598.922 ; gain = 0.000

Phase 1.4 Constrain Clocks/Macros
Phase 1.4 Constrain Clocks/Macros | Checksum: 1cf86e80c

Time (s): cpu = 00:00:06 ; elapsed = 00:00:06 . Memory (MB): peak = 1598.922 ; gain = 0.000
Phase 1 Placer Initialization | Checksum: 1cf86e80c

Time (s): cpu = 00:00:06 ; elapsed = 00:00:06 . Memory (MB): peak = 1598.922 ; gain = 0.000

Phase 2 Global Placement

Phase 2.1 Floorplanning
Phase 2.1 Floorplanning | Checksum: 1791c1eb9

Time (s): cpu = 00:00:07 ; elapsed = 00:00:06 . Memory (MB): peak = 1598.922 ; gain = 0.000

Phase 2.2 Global Placement Core

Phase 2.2.1 Physical Synthesis In Placer
INFO: [Physopt 32-65] No nets found for high-fanout optimization.
INFO: [Physopt 32-232] Optimized 0 net. Created 0 new instance.
INFO: [Physopt 32-775] End 1 Pass. Optimized 0 net or cell. Created 0 new cell, deleted 0 existing cell and moved 0 existing cell
INFO: [Physopt 32-670] No setup violation found.  DSP Register Optimization was not performed.
INFO: [Physopt 32-670] No setup violation found.  Shift Register Optimization was not performed.
INFO: [Physopt 32-670] No setup violation found.  BRAM Register Optimization was not performed.
INFO: [Physopt 32-949] No candidate nets found for HD net replication
INFO: [Physopt 32-775] End 1 Pass. Optimized 0 net or cell. Created 0 new cell, deleted 0 existing cell and moved 0 existing cell
Netlist sorting complete. Time (s): cpu = 00:00:00 ; elapsed = 00:00:00.010 . Memory (MB): peak = 1598.922 ; gain = 0.000

Summary of Physical Synthesis Optimizations
============================================


----------------------------------------------------------------------------------------------------------------------------------------
|  Optimization                  |  Added Cells  |  Removed Cells  |  Optimized Cells/Nets  |  Dont Touch  |  Iterations  |  Elapsed   |
----------------------------------------------------------------------------------------------------------------------------------------
|  Very High Fanout              |            0  |              0  |                     0  |           0  |           1  |  00:00:00  |
|  DSP Register                  |            0  |              0  |                     0  |           0  |           0  |  00:00:00  |
|  Shift Register                |            0  |              0  |                     0  |           0  |           0  |  00:00:00  |
|  BRAM Register                 |            0  |              0  |                     0  |           0  |           0  |  00:00:00  |
|  HD Interface Net Replication  |            0  |              0  |                     0  |           0  |           1  |  00:00:00  |
|  Total                         |            0  |              0  |                     0  |           0  |           2  |  00:00:00  |
----------------------------------------------------------------------------------------------------------------------------------------


Phase 2.2.1 Physical Synthesis In Placer | Checksum: 1380aa812

Time (s): cpu = 00:00:16 ; elapsed = 00:00:11 . Memory (MB): peak = 1598.922 ; gain = 0.000
Phase 2.2 Global Placement Core | Checksum: 1b1b223fd

Time (s): cpu = 00:00:16 ; elapsed = 00:00:12 . Memory (MB): peak = 1598.922 ; gain = 0.000
Phase 2 Global Placement | Checksum: 1b1b223fd

Time (s): cpu = 00:00:16 ; elapsed = 00:00:12 . Memory (MB): peak = 1598.922 ; gain = 0.000

Phase 3 Detail Placement

Phase 3.1 Commit Multi Column Macros
Phase 3.1 Commit Multi Column Macros | Checksum: 19faa96fb

Time (s): cpu = 00:00:16 ; elapsed = 00:00:12 . Memory (MB): peak = 1598.922 ; gain = 0.000

Phase 3.2 Commit Most Macros & LUTRAMs
Phase 3.2 Commit Most Macros & LUTRAMs | Checksum: 173dfa27c

Time (s): cpu = 00:00:17 ; elapsed = 00:00:13 . Memory (MB): peak = 1598.922 ; gain = 0.000

Phase 3.3 Area Swap Optimization
Phase 3.3 Area Swap Optimization | Checksum: 1297fca9e

Time (s): cpu = 00:00:17 ; elapsed = 00:00:13 . Memory (MB): peak = 1598.922 ; gain = 0.000

Phase 3.4 Pipeline Register Optimization
Phase 3.4 Pipeline Register Optimization | Checksum: 9a911173

Time (s): cpu = 00:00:17 ; elapsed = 00:00:13 . Memory (MB): peak = 1598.922 ; gain = 0.000

Phase 3.5 Small Shape Detail Placement
Phase 3.5 Small Shape Detail Placement | Checksum: 218ae0847

Time (s): cpu = 00:00:19 ; elapsed = 00:00:15 . Memory (MB): peak = 1598.922 ; gain = 0.000

Phase 3.6 Re-assign LUT pins
Phase 3.6 Re-assign LUT pins | Checksum: 196e5668a

Time (s): cpu = 00:00:20 ; elapsed = 00:00:16 . Memory (MB): peak = 1598.922 ; gain = 0.000

Phase 3.7 Pipeline Register Optimization
Phase 3.7 Pipeline Register Optimization | Checksum: 147f3abbd

Time (s): cpu = 00:00:20 ; elapsed = 00:00:16 . Memory (MB): peak = 1598.922 ; gain = 0.000
Phase 3 Detail Placement | Checksum: 147f3abbd

Time (s): cpu = 00:00:20 ; elapsed = 00:00:16 . Memory (MB): peak = 1598.922 ; gain = 0.000

Phase 4 Post Placement Optimization and Clean-Up

Phase 4.1 Post Commit Optimization
INFO: [Timing 38-35] Done setting XDC timing constraints.

Phase 4.1.1 Post Placement Optimization
Post Placement Optimization Initialization | Checksum: 11cda00ba

Phase 4.1.1.1 BUFG Insertion
INFO: [Place 46-56] BUFG insertion identified 0 candidate nets. Inserted BUFG: 0, Replicated BUFG Driver: 0, Skipped due to Placement/Routing Conflicts: 0, Skipped due to Timing Degradation: 0, Skipped due to Illegal Netlist: 0.
Phase 4.1.1.1 BUFG Insertion | Checksum: 11cda00ba

Time (s): cpu = 00:00:22 ; elapsed = 00:00:17 . Memory (MB): peak = 1609.938 ; gain = 11.016
INFO: [Place 30-746] Post Placement Timing Summary WNS=12.667. For the most accurate timing information please run report_timing.
Phase 4.1.1 Post Placement Optimization | Checksum: 190329915

Time (s): cpu = 00:00:22 ; elapsed = 00:00:17 . Memory (MB): peak = 1609.938 ; gain = 11.016
Phase 4.1 Post Commit Optimization | Checksum: 190329915

Time (s): cpu = 00:00:22 ; elapsed = 00:00:17 . Memory (MB): peak = 1609.938 ; gain = 11.016

Phase 4.2 Post Placement Cleanup
Phase 4.2 Post Placement Cleanup | Checksum: 190329915

Time (s): cpu = 00:00:22 ; elapsed = 00:00:17 . Memory (MB): peak = 1609.938 ; gain = 11.016

Phase 4.3 Placer Reporting
Phase 4.3 Placer Reporting | Checksum: 190329915

Time (s): cpu = 00:00:22 ; elapsed = 00:00:17 . Memory (MB): peak = 1609.938 ; gain = 11.016

Phase 4.4 Final Placement Cleanup
Netlist sorting complete. Time (s): cpu = 00:00:00 ; elapsed = 00:00:00.010 . Memory (MB): peak = 1609.938 ; gain = 0.000
Phase 4.4 Final Placement Cleanup | Checksum: 1e31d566d

Time (s): cpu = 00:00:22 ; elapsed = 00:00:17 . Memory (MB): peak = 1609.938 ; gain = 11.016
Phase 4 Post Placement Optimization and Clean-Up | Checksum: 1e31d566d

Time (s): cpu = 00:00:22 ; elapsed = 00:00:17 . Memory (MB): peak = 1609.938 ; gain = 11.016
Ending Placer Task | Checksum: 121907193

Time (s): cpu = 00:00:22 ; elapsed = 00:00:17 . Memory (MB): peak = 1609.938 ; gain = 11.016
INFO: [Common 17-83] Releasing license: Implementation
66 Infos, 1 Warnings, 1 Critical Warnings and 0 Errors encountered.
place_design completed successfully
place_design: Time (s): cpu = 00:00:26 ; elapsed = 00:00:20 . Memory (MB): peak = 1609.938 ; gain = 11.016
Netlist sorting complete. Time (s): cpu = 00:00:00 ; elapsed = 00:00:00.009 . Memory (MB): peak = 1609.938 ; gain = 0.000
INFO: [Timing 38-480] Writing timing data to binary archive.
Writing placer database...
Writing XDEF routing.
Writing XDEF routing logical nets.
Writing XDEF routing special nets.
Write XDEF Complete: Time (s): cpu = 00:00:03 ; elapsed = 00:00:01 . Memory (MB): peak = 1619.922 ; gain = 9.984
INFO: [Common 17-1381] The checkpoint 'C:/Users/OAkun/FloatingDivisionZybo/FloatingDivisionZybo.runs/impl_1/FloatingPointDivision_wrapper_placed.dcp' has been generated.
INFO: [runtcl-4] Executing : report_io -file FloatingPointDivision_wrapper_io_placed.rpt
report_io: Time (s): cpu = 00:00:00 ; elapsed = 00:00:00.100 . Memory (MB): peak = 1619.922 ; gain = 0.000
INFO: [runtcl-4] Executing : report_utilization -file FloatingPointDivision_wrapper_utilization_placed.rpt -pb FloatingPointDivision_wrapper_utilization_placed.pb
INFO: [runtcl-4] Executing : report_control_sets -verbose -file FloatingPointDivision_wrapper_control_sets_placed.rpt
report_control_sets: Time (s): cpu = 00:00:00 ; elapsed = 00:00:00.236 . Memory (MB): peak = 1619.922 ; gain = 0.000
Command: route_design
Attempting to get a license for feature 'Implementation' and/or device 'xc7z020'
INFO: [Common 17-349] Got license for feature 'Implementation' and/or device 'xc7z020'
Running DRC as a precondition to command route_design
INFO: [DRC 23-27] Running DRC with 2 threads
INFO: [Vivado_Tcl 4-198] DRC finished with 0 Errors
INFO: [Vivado_Tcl 4-199] Please refer to the DRC report (report_drc) for more information.


Starting Routing Task
INFO: [Route 35-254] Multithreading enabled for route_design using a maximum of 2 CPUs
Checksum: PlaceDB: 7cd33dd7 ConstDB: 0 ShapeSum: a4bd33bc RouteDB: 0

Phase 1 Build RT Design
Phase 1 Build RT Design | Checksum: 11481733c

Time (s): cpu = 00:00:54 ; elapsed = 00:00:47 . Memory (MB): peak = 1725.734 ; gain = 103.746
Post Restoration Checksum: NetGraph: e8abefb1 NumContArr: 2bd5838b Constraints: 0 Timing: 0

Phase 2 Router Initialization

Phase 2.1 Create Timer
Phase 2.1 Create Timer | Checksum: 11481733c

Time (s): cpu = 00:00:54 ; elapsed = 00:00:47 . Memory (MB): peak = 1758.008 ; gain = 136.020

Phase 2.2 Fix Topology Constraints
Phase 2.2 Fix Topology Constraints | Checksum: 11481733c

Time (s): cpu = 00:00:54 ; elapsed = 00:00:47 . Memory (MB): peak = 1765.570 ; gain = 143.582

Phase 2.3 Pre Route Cleanup
Phase 2.3 Pre Route Cleanup | Checksum: 11481733c

Time (s): cpu = 00:00:54 ; elapsed = 00:00:47 . Memory (MB): peak = 1765.570 ; gain = 143.582
 Number of Nodes with overlaps = 0

Phase 2.4 Update Timing
Phase 2.4 Update Timing | Checksum: 18c1444a1

Time (s): cpu = 00:00:56 ; elapsed = 00:00:49 . Memory (MB): peak = 1788.988 ; gain = 167.000
INFO: [Route 35-416] Intermediate Timing Summary | WNS=12.812 | TNS=0.000  | WHS=-0.188 | THS=-31.062|

Phase 2 Router Initialization | Checksum: 1d16ddcd7

Time (s): cpu = 00:00:57 ; elapsed = 00:00:49 . Memory (MB): peak = 1788.988 ; gain = 167.000

Router Utilization Summary
  Global Vertical Routing Utilization    = 0 %
  Global Horizontal Routing Utilization  = 0 %
  Routable Net Status*
  *Does not include unroutable nets such as driverless and loadless.
  Run report_route_status for detailed report.
  Number of Failed Nets               = 4214
    (Failed Nets is the sum of unrouted and partially routed nets)
  Number of Unrouted Nets             = 4214
  Number of Partially Routed Nets     = 0
  Number of Node Overlaps             = 0


Phase 3 Initial Routing
Phase 3 Initial Routing | Checksum: 18381b5a8

Time (s): cpu = 00:00:58 ; elapsed = 00:00:50 . Memory (MB): peak = 1788.988 ; gain = 167.000

Phase 4 Rip-up And Reroute

Phase 4.1 Global Iteration 0
 Number of Nodes with overlaps = 205
 Number of Nodes with overlaps = 0
INFO: [Route 35-416] Intermediate Timing Summary | WNS=13.054 | TNS=0.000  | WHS=N/A    | THS=N/A    |

Phase 4.1 Global Iteration 0 | Checksum: 1729219c2

Time (s): cpu = 00:01:00 ; elapsed = 00:00:51 . Memory (MB): peak = 1788.988 ; gain = 167.000

Phase 4.2 Global Iteration 1
 Number of Nodes with overlaps = 3
 Number of Nodes with overlaps = 0
INFO: [Route 35-416] Intermediate Timing Summary | WNS=12.425 | TNS=0.000  | WHS=N/A    | THS=N/A    |

Phase 4.2 Global Iteration 1 | Checksum: 1195f9e8e

Time (s): cpu = 00:01:00 ; elapsed = 00:00:51 . Memory (MB): peak = 1788.988 ; gain = 167.000
Phase 4 Rip-up And Reroute | Checksum: 1195f9e8e

Time (s): cpu = 00:01:00 ; elapsed = 00:00:52 . Memory (MB): peak = 1788.988 ; gain = 167.000

Phase 5 Delay and Skew Optimization

Phase 5.1 Delay CleanUp
Phase 5.1 Delay CleanUp | Checksum: 1195f9e8e

Time (s): cpu = 00:01:00 ; elapsed = 00:00:52 . Memory (MB): peak = 1788.988 ; gain = 167.000

Phase 5.2 Clock Skew Optimization
Phase 5.2 Clock Skew Optimization | Checksum: 1195f9e8e

Time (s): cpu = 00:01:00 ; elapsed = 00:00:52 . Memory (MB): peak = 1788.988 ; gain = 167.000
Phase 5 Delay and Skew Optimization | Checksum: 1195f9e8e

Time (s): cpu = 00:01:00 ; elapsed = 00:00:52 . Memory (MB): peak = 1788.988 ; gain = 167.000

Phase 6 Post Hold Fix

Phase 6.1 Hold Fix Iter

Phase 6.1.1 Update Timing
Phase 6.1.1 Update Timing | Checksum: 111b552c2

Time (s): cpu = 00:01:00 ; elapsed = 00:00:52 . Memory (MB): peak = 1788.988 ; gain = 167.000
INFO: [Route 35-416] Intermediate Timing Summary | WNS=12.439 | TNS=0.000  | WHS=0.025  | THS=0.000  |

Phase 6.1 Hold Fix Iter | Checksum: 17d066a8b

Time (s): cpu = 00:01:00 ; elapsed = 00:00:52 . Memory (MB): peak = 1788.988 ; gain = 167.000
Phase 6 Post Hold Fix | Checksum: 17d066a8b

Time (s): cpu = 00:01:00 ; elapsed = 00:00:52 . Memory (MB): peak = 1788.988 ; gain = 167.000

Phase 7 Route finalize

Router Utilization Summary
  Global Vertical Routing Utilization    = 0.454385 %
  Global Horizontal Routing Utilization  = 0.59263 %
  Routable Net Status*
  *Does not include unroutable nets such as driverless and loadless.
  Run report_route_status for detailed report.
  Number of Failed Nets               = 0
    (Failed Nets is the sum of unrouted and partially routed nets)
  Number of Unrouted Nets             = 0
  Number of Partially Routed Nets     = 0
  Number of Node Overlaps             = 0

Phase 7 Route finalize | Checksum: 194ef8fd8

Time (s): cpu = 00:01:01 ; elapsed = 00:00:52 . Memory (MB): peak = 1788.988 ; gain = 167.000

Phase 8 Verifying routed nets

 Verification completed successfully
Phase 8 Verifying routed nets | Checksum: 194ef8fd8

Time (s): cpu = 00:01:01 ; elapsed = 00:00:52 . Memory (MB): peak = 1788.988 ; gain = 167.000

Phase 9 Depositing Routes
Phase 9 Depositing Routes | Checksum: 19cec4b0d

Time (s): cpu = 00:01:01 ; elapsed = 00:00:53 . Memory (MB): peak = 1788.988 ; gain = 167.000

Phase 10 Post Router Timing
INFO: [Route 35-57] Estimated Timing Summary | WNS=12.439 | TNS=0.000  | WHS=0.025  | THS=0.000  |

INFO: [Route 35-327] The final timing numbers are based on the router estimated timing analysis. For a complete and accurate timing signoff, please run report_timing_summary.
Phase 10 Post Router Timing | Checksum: 19cec4b0d

Time (s): cpu = 00:01:01 ; elapsed = 00:00:53 . Memory (MB): peak = 1788.988 ; gain = 167.000
INFO: [Route 35-16] Router Completed Successfully

Time (s): cpu = 00:01:01 ; elapsed = 00:00:53 . Memory (MB): peak = 1788.988 ; gain = 167.000

Routing Is Done.
INFO: [Common 17-83] Releasing license: Implementation
84 Infos, 1 Warnings, 1 Critical Warnings and 0 Errors encountered.
route_design completed successfully
route_design: Time (s): cpu = 00:01:06 ; elapsed = 00:00:56 . Memory (MB): peak = 1788.988 ; gain = 169.066
Netlist sorting complete. Time (s): cpu = 00:00:00 ; elapsed = 00:00:00.010 . Memory (MB): peak = 1788.988 ; gain = 0.000
INFO: [Timing 38-480] Writing timing data to binary archive.
Writing placer database...
Writing XDEF routing.
Writing XDEF routing logical nets.
Writing XDEF routing special nets.
Write XDEF Complete: Time (s): cpu = 00:00:03 ; elapsed = 00:00:01 . Memory (MB): peak = 1805.148 ; gain = 16.160
INFO: [Common 17-1381] The checkpoint 'C:/Users/OAkun/FloatingDivisionZybo/FloatingDivisionZybo.runs/impl_1/FloatingPointDivision_wrapper_routed.dcp' has been generated.
INFO: [runtcl-4] Executing : report_drc -file FloatingPointDivision_wrapper_drc_routed.rpt -pb FloatingPointDivision_wrapper_drc_routed.pb -rpx FloatingPointDivision_wrapper_drc_routed.rpx
Command: report_drc -file FloatingPointDivision_wrapper_drc_routed.rpt -pb FloatingPointDivision_wrapper_drc_routed.pb -rpx FloatingPointDivision_wrapper_drc_routed.rpx
INFO: [IP_Flow 19-1839] IP Catalog is up to date.
INFO: [DRC 23-27] Running DRC with 2 threads
INFO: [Coretcl 2-168] The results of DRC are in file C:/Users/OAkun/FloatingDivisionZybo/FloatingDivisionZybo.runs/impl_1/FloatingPointDivision_wrapper_drc_routed.rpt.
report_drc completed successfully
INFO: [runtcl-4] Executing : report_methodology -file FloatingPointDivision_wrapper_methodology_drc_routed.rpt -pb FloatingPointDivision_wrapper_methodology_drc_routed.pb -rpx FloatingPointDivision_wrapper_methodology_drc_routed.rpx
Command: report_methodology -file FloatingPointDivision_wrapper_methodology_drc_routed.rpt -pb FloatingPointDivision_wrapper_methodology_drc_routed.pb -rpx FloatingPointDivision_wrapper_methodology_drc_routed.rpx
INFO: [Timing 38-35] Done setting XDC timing constraints.
INFO: [DRC 23-133] Running Methodology with 2 threads
INFO: [Coretcl 2-1520] The results of Report Methodology are in file C:/Users/OAkun/FloatingDivisionZybo/FloatingDivisionZybo.runs/impl_1/FloatingPointDivision_wrapper_methodology_drc_routed.rpt.
report_methodology completed successfully
INFO: [runtcl-4] Executing : report_power -file FloatingPointDivision_wrapper_power_routed.rpt -pb FloatingPointDivision_wrapper_power_summary_routed.pb -rpx FloatingPointDivision_wrapper_power_routed.rpx
Command: report_power -file FloatingPointDivision_wrapper_power_routed.rpt -pb FloatingPointDivision_wrapper_power_summary_routed.pb -rpx FloatingPointDivision_wrapper_power_routed.rpx
INFO: [Timing 38-35] Done setting XDC timing constraints.
Running Vector-less Activity Propagation...

Finished Running Vector-less Activity Propagation
96 Infos, 1 Warnings, 1 Critical Warnings and 0 Errors encountered.
report_power completed successfully
INFO: [runtcl-4] Executing : report_route_status -file FloatingPointDivision_wrapper_route_status.rpt -pb FloatingPointDivision_wrapper_route_status.pb
INFO: [runtcl-4] Executing : report_timing_summary -max_paths 10 -file FloatingPointDivision_wrapper_timing_summary_routed.rpt -pb FloatingPointDivision_wrapper_timing_summary_routed.pb -rpx FloatingPointDivision_wrapper_timing_summary_routed.rpx -warn_on_violation 
INFO: [Timing 38-91] UpdateTimingParams: Speed grade: -1, Delay Type: min_max.
INFO: [Timing 38-191] Multithreading enabled for timing update using a maximum of 2 CPUs
INFO: [runtcl-4] Executing : report_incremental_reuse -file FloatingPointDivision_wrapper_incremental_reuse_routed.rpt
INFO: [Vivado_Tcl 4-1062] Incremental flow is disabled. No incremental reuse Info to report.
INFO: [runtcl-4] Executing : report_clock_utilization -file FloatingPointDivision_wrapper_clock_utilization_routed.rpt
INFO: [runtcl-4] Executing : report_bus_skew -warn_on_violation -file FloatingPointDivision_wrapper_bus_skew_routed.rpt -pb FloatingPointDivision_wrapper_bus_skew_routed.pb -rpx FloatingPointDivision_wrapper_bus_skew_routed.rpx
INFO: [Timing 38-91] UpdateTimingParams: Speed grade: -1, Delay Type: min_max.
INFO: [Timing 38-191] Multithreading enabled for timing update using a maximum of 2 CPUs
Command: write_bitstream -force FloatingPointDivision_wrapper.bit
Attempting to get a license for feature 'Implementation' and/or device 'xc7z020'
INFO: [Common 17-349] Got license for feature 'Implementation' and/or device 'xc7z020'
Running DRC as a precondition to command write_bitstream
INFO: [IP_Flow 19-1839] IP Catalog is up to date.
INFO: [DRC 23-27] Running DRC with 2 threads
INFO: [Vivado 12-3199] DRC finished with 0 Errors
INFO: [Vivado 12-3200] Please refer to the DRC report (report_drc) for more information.
INFO: [Designutils 20-2272] Running write_bitstream with 2 threads.
Loading data files...
Loading site data...
Loading route data...
Processing options...
Creating bitmap...
Creating bitstream...
Writing bitstream ./FloatingPointDivision_wrapper.bit...
INFO: [Vivado 12-1842] Bitgen Completed Successfully.
INFO: [Project 1-120] WebTalk data collection is mandatory when using a WebPACK part without a full Vivado license. To see the specific WebTalk data collected for your design, open the usage_statistics_webtalk.html or usage_statistics_webtalk.xml file in the implementation directory.
INFO: [Common 17-186] 'C:/Users/OAkun/FloatingDivisionZybo/FloatingDivisionZybo.runs/impl_1/usage_statistics_webtalk.xml' has been successfully sent to Xilinx on Wed Aug 25 20:11:48 2021. For additional details about this file, please refer to the WebTalk help file at C:/Xilinx/Vivado/2019.1/doc/webtalk_introduction.html.
INFO: [Common 17-83] Releasing license: Implementation
116 Infos, 1 Warnings, 1 Critical Warnings and 0 Errors encountered.
write_bitstream completed successfully
write_bitstream: Time (s): cpu = 00:00:30 ; elapsed = 00:00:30 . Memory (MB): peak = 2260.867 ; gain = 446.676
INFO: [Common 17-206] Exiting Vivado at Wed Aug 25 20:11:48 2021...
