20:14:21 INFO  : Registering command handlers for SDK TCF services
20:14:23 INFO  : Launching XSCT server: xsct.bat -interactive C:\Users\OAkun\FloatingDivisionZybo\FloatingDivisionZybo.sdk\temp_xsdb_launch_script.tcl
20:14:27 INFO  : XSCT server has started successfully.
20:14:28 INFO  : Successfully done setting XSCT server connection channel  
20:14:28 INFO  : Successfully done setting SDK workspace  
20:14:28 INFO  : Processing command line option -hwspec C:/Users/OAkun/FloatingDivisionZybo/FloatingDivisionZybo.sdk/FloatingPointDivision_wrapper.hdf.
20:24:33 INFO  : 'targets -set -filter {jtag_cable_name =~ "Digilent Zybo Z7 210351AD6547A" && level==0} -index 1' command is executed.
20:24:33 INFO  : 'fpga -state' command is executed.
20:24:33 INFO  : Connected to target on host '127.0.0.1' and port '3121'.
20:24:34 INFO  : Jtag cable 'Digilent Zybo Z7 210351AD6547A' is selected.
20:24:34 INFO  : 'jtag frequency' command is executed.
20:24:34 INFO  : Sourcing of 'C:/Users/OAkun/FloatingDivisionZybo/FloatingDivisionZybo.sdk/FloatingPointDivision_wrapper_hw_platform_0/ps7_init.tcl' is done.
20:24:34 INFO  : Context for 'APU' is selected.
20:24:34 INFO  : Hardware design information is loaded from 'C:/Users/OAkun/FloatingDivisionZybo/FloatingDivisionZybo.sdk/FloatingPointDivision_wrapper_hw_platform_0/system.hdf'.
20:24:34 INFO  : 'configparams force-mem-access 1' command is executed.
20:24:34 INFO  : Context for 'APU' is selected.
20:24:34 INFO  : 'stop' command is executed.
20:24:34 INFO  : 'ps7_init' command is executed.
20:24:34 INFO  : 'ps7_post_config' command is executed.
20:24:34 INFO  : Context for processor 'ps7_cortexa9_0' is selected.
20:24:35 INFO  : Processor reset is completed for 'ps7_cortexa9_0'.
20:24:35 INFO  : Context for processor 'ps7_cortexa9_0' is selected.
20:24:35 INFO  : The application 'C:/Users/OAkun/FloatingDivisionZybo/FloatingDivisionZybo.sdk/FloatingPointDivisionZybo/Debug/FloatingPointDivisionZybo.elf' is downloaded to processor 'ps7_cortexa9_0'.
20:24:35 INFO  : 'configparams force-mem-access 0' command is executed.
20:24:35 INFO  : ----------------XSDB Script----------------
connect -url tcp:127.0.0.1:3121
source C:/Users/OAkun/FloatingDivisionZybo/FloatingDivisionZybo.sdk/FloatingPointDivision_wrapper_hw_platform_0/ps7_init.tcl
targets -set -nocase -filter {name =~"APU*" && jtag_cable_name =~ "Digilent Zybo Z7 210351AD6547A"} -index 0
loadhw -hw C:/Users/OAkun/FloatingDivisionZybo/FloatingDivisionZybo.sdk/FloatingPointDivision_wrapper_hw_platform_0/system.hdf -mem-ranges [list {0x40000000 0xbfffffff}]
configparams force-mem-access 1
targets -set -nocase -filter {name =~"APU*" && jtag_cable_name =~ "Digilent Zybo Z7 210351AD6547A"} -index 0
stop
ps7_init
ps7_post_config
targets -set -nocase -filter {name =~ "ARM*#0" && jtag_cable_name =~ "Digilent Zybo Z7 210351AD6547A"} -index 0
rst -processor
targets -set -nocase -filter {name =~ "ARM*#0" && jtag_cable_name =~ "Digilent Zybo Z7 210351AD6547A"} -index 0
dow C:/Users/OAkun/FloatingDivisionZybo/FloatingDivisionZybo.sdk/FloatingPointDivisionZybo/Debug/FloatingPointDivisionZybo.elf
configparams force-mem-access 0
----------------End of Script----------------

20:24:35 INFO  : Memory regions updated for context APU
20:24:35 INFO  : Context for processor 'ps7_cortexa9_0' is selected.
20:24:35 INFO  : 'con' command is executed.
20:24:35 INFO  : ----------------XSDB Script (After Launch)----------------
targets -set -nocase -filter {name =~ "ARM*#0" && jtag_cable_name =~ "Digilent Zybo Z7 210351AD6547A"} -index 0
con
----------------End of Script----------------

20:24:35 INFO  : Launch script is exported to file 'C:\Users\OAkun\FloatingDivisionZybo\FloatingDivisionZybo.sdk\.sdk\launch_scripts\xilinx_c-c++_application_(system_debugger)\system_debugger_using_debug_floatingpointdivisionzybo.elf_on_local.tcl'
20:26:43 INFO  : Disconnected from the channel tcfchan#1.
20:26:44 INFO  : 'targets -set -filter {jtag_cable_name =~ "Digilent Zybo Z7 210351AD6547A" && level==0} -index 1' command is executed.
20:26:44 INFO  : 'fpga -state' command is executed.
20:26:44 INFO  : Connected to target on host '127.0.0.1' and port '3121'.
20:26:44 INFO  : Jtag cable 'Digilent Zybo Z7 210351AD6547A' is selected.
20:26:44 INFO  : 'jtag frequency' command is executed.
20:26:44 INFO  : Sourcing of 'C:/Users/OAkun/FloatingDivisionZybo/FloatingDivisionZybo.sdk/FloatingPointDivision_wrapper_hw_platform_0/ps7_init.tcl' is done.
20:26:44 INFO  : Context for 'APU' is selected.
20:26:47 INFO  : Hardware design information is loaded from 'C:/Users/OAkun/FloatingDivisionZybo/FloatingDivisionZybo.sdk/FloatingPointDivision_wrapper_hw_platform_0/system.hdf'.
20:26:47 INFO  : 'configparams force-mem-access 1' command is executed.
20:26:47 INFO  : Context for 'APU' is selected.
20:26:47 INFO  : 'stop' command is executed.
20:26:47 INFO  : 'ps7_init' command is executed.
20:26:47 INFO  : 'ps7_post_config' command is executed.
20:26:47 INFO  : Context for processor 'ps7_cortexa9_0' is selected.
20:26:47 INFO  : Processor reset is completed for 'ps7_cortexa9_0'.
20:26:47 INFO  : Context for processor 'ps7_cortexa9_0' is selected.
20:26:48 INFO  : The application 'C:/Users/OAkun/FloatingDivisionZybo/FloatingDivisionZybo.sdk/FloatingPointDivisionZybo/Debug/FloatingPointDivisionZybo.elf' is downloaded to processor 'ps7_cortexa9_0'.
20:26:48 INFO  : 'configparams force-mem-access 0' command is executed.
20:26:48 INFO  : ----------------XSDB Script----------------
connect -url tcp:127.0.0.1:3121
source C:/Users/OAkun/FloatingDivisionZybo/FloatingDivisionZybo.sdk/FloatingPointDivision_wrapper_hw_platform_0/ps7_init.tcl
targets -set -nocase -filter {name =~"APU*" && jtag_cable_name =~ "Digilent Zybo Z7 210351AD6547A"} -index 0
loadhw -hw C:/Users/OAkun/FloatingDivisionZybo/FloatingDivisionZybo.sdk/FloatingPointDivision_wrapper_hw_platform_0/system.hdf -mem-ranges [list {0x40000000 0xbfffffff}]
configparams force-mem-access 1
targets -set -nocase -filter {name =~"APU*" && jtag_cable_name =~ "Digilent Zybo Z7 210351AD6547A"} -index 0
stop
ps7_init
ps7_post_config
targets -set -nocase -filter {name =~ "ARM*#0" && jtag_cable_name =~ "Digilent Zybo Z7 210351AD6547A"} -index 0
rst -processor
targets -set -nocase -filter {name =~ "ARM*#0" && jtag_cable_name =~ "Digilent Zybo Z7 210351AD6547A"} -index 0
dow C:/Users/OAkun/FloatingDivisionZybo/FloatingDivisionZybo.sdk/FloatingPointDivisionZybo/Debug/FloatingPointDivisionZybo.elf
configparams force-mem-access 0
----------------End of Script----------------

20:26:48 INFO  : Memory regions updated for context APU
20:26:48 INFO  : Context for processor 'ps7_cortexa9_0' is selected.
20:26:48 INFO  : 'con' command is executed.
20:26:48 INFO  : ----------------XSDB Script (After Launch)----------------
targets -set -nocase -filter {name =~ "ARM*#0" && jtag_cable_name =~ "Digilent Zybo Z7 210351AD6547A"} -index 0
con
----------------End of Script----------------

20:26:48 INFO  : Launch script is exported to file 'C:\Users\OAkun\FloatingDivisionZybo\FloatingDivisionZybo.sdk\.sdk\launch_scripts\xilinx_c-c++_application_(system_debugger)\system_debugger_using_debug_floatingpointdivisionzybo.elf_on_local.tcl'
20:27:53 INFO  : Disconnected from the channel tcfchan#2.
20:27:54 INFO  : 'targets -set -filter {jtag_cable_name =~ "Digilent Zybo Z7 210351AD6547A" && level==0} -index 1' command is executed.
20:27:54 INFO  : 'fpga -state' command is executed.
20:27:54 INFO  : Connected to target on host '127.0.0.1' and port '3121'.
20:27:55 INFO  : Jtag cable 'Digilent Zybo Z7 210351AD6547A' is selected.
20:27:55 INFO  : 'jtag frequency' command is executed.
20:27:55 INFO  : Sourcing of 'C:/Users/OAkun/FloatingDivisionZybo/FloatingDivisionZybo.sdk/FloatingPointDivision_wrapper_hw_platform_0/ps7_init.tcl' is done.
20:27:55 INFO  : Context for 'APU' is selected.
20:27:57 INFO  : Hardware design information is loaded from 'C:/Users/OAkun/FloatingDivisionZybo/FloatingDivisionZybo.sdk/FloatingPointDivision_wrapper_hw_platform_0/system.hdf'.
20:27:57 INFO  : 'configparams force-mem-access 1' command is executed.
20:27:57 INFO  : Context for 'APU' is selected.
20:27:57 INFO  : 'stop' command is executed.
20:27:57 INFO  : 'ps7_init' command is executed.
20:27:57 INFO  : 'ps7_post_config' command is executed.
20:27:57 INFO  : Context for processor 'ps7_cortexa9_0' is selected.
20:27:57 INFO  : Processor reset is completed for 'ps7_cortexa9_0'.
20:27:57 INFO  : Context for processor 'ps7_cortexa9_0' is selected.
20:27:58 INFO  : The application 'C:/Users/OAkun/FloatingDivisionZybo/FloatingDivisionZybo.sdk/FloatingPointDivisionZybo/Debug/FloatingPointDivisionZybo.elf' is downloaded to processor 'ps7_cortexa9_0'.
20:27:58 INFO  : 'configparams force-mem-access 0' command is executed.
20:27:58 INFO  : ----------------XSDB Script----------------
connect -url tcp:127.0.0.1:3121
source C:/Users/OAkun/FloatingDivisionZybo/FloatingDivisionZybo.sdk/FloatingPointDivision_wrapper_hw_platform_0/ps7_init.tcl
targets -set -nocase -filter {name =~"APU*" && jtag_cable_name =~ "Digilent Zybo Z7 210351AD6547A"} -index 0
loadhw -hw C:/Users/OAkun/FloatingDivisionZybo/FloatingDivisionZybo.sdk/FloatingPointDivision_wrapper_hw_platform_0/system.hdf -mem-ranges [list {0x40000000 0xbfffffff}]
configparams force-mem-access 1
targets -set -nocase -filter {name =~"APU*" && jtag_cable_name =~ "Digilent Zybo Z7 210351AD6547A"} -index 0
stop
ps7_init
ps7_post_config
targets -set -nocase -filter {name =~ "ARM*#0" && jtag_cable_name =~ "Digilent Zybo Z7 210351AD6547A"} -index 0
rst -processor
targets -set -nocase -filter {name =~ "ARM*#0" && jtag_cable_name =~ "Digilent Zybo Z7 210351AD6547A"} -index 0
dow C:/Users/OAkun/FloatingDivisionZybo/FloatingDivisionZybo.sdk/FloatingPointDivisionZybo/Debug/FloatingPointDivisionZybo.elf
configparams force-mem-access 0
----------------End of Script----------------

20:27:58 INFO  : Memory regions updated for context APU
20:27:58 INFO  : Context for processor 'ps7_cortexa9_0' is selected.
20:27:58 INFO  : 'con' command is executed.
20:27:58 INFO  : ----------------XSDB Script (After Launch)----------------
targets -set -nocase -filter {name =~ "ARM*#0" && jtag_cable_name =~ "Digilent Zybo Z7 210351AD6547A"} -index 0
con
----------------End of Script----------------

20:27:58 INFO  : Launch script is exported to file 'C:\Users\OAkun\FloatingDivisionZybo\FloatingDivisionZybo.sdk\.sdk\launch_scripts\xilinx_c-c++_application_(system_debugger)\system_debugger_using_debug_floatingpointdivisionzybo.elf_on_local.tcl'
20:28:07 INFO  : Connected to target on host '127.0.0.1' and port '3121'.
20:28:07 INFO  : 'targets -set -filter {jtag_cable_name =~ "Digilent Zybo Z7 210351AD6547A" && level==0} -index 1' command is executed.
20:28:09 INFO  : FPGA configured successfully with bitstream "C:/Users/OAkun/FloatingDivisionZybo/FloatingDivisionZybo.sdk/FloatingPointDivision_wrapper_hw_platform_0/FloatingPointDivision_wrapper.bit"
20:28:46 INFO  : Disconnected from the channel tcfchan#3.
20:28:47 INFO  : 'targets -set -filter {jtag_cable_name =~ "Digilent Zybo Z7 210351AD6547A" && level==0} -index 1' command is executed.
20:28:47 INFO  : 'fpga -state' command is executed.
20:28:47 INFO  : Connected to target on host '127.0.0.1' and port '3121'.
20:28:47 INFO  : Jtag cable 'Digilent Zybo Z7 210351AD6547A' is selected.
20:28:47 INFO  : 'jtag frequency' command is executed.
20:28:47 INFO  : Sourcing of 'C:/Users/OAkun/FloatingDivisionZybo/FloatingDivisionZybo.sdk/FloatingPointDivision_wrapper_hw_platform_0/ps7_init.tcl' is done.
20:28:47 INFO  : Context for 'APU' is selected.
20:28:50 INFO  : Hardware design information is loaded from 'C:/Users/OAkun/FloatingDivisionZybo/FloatingDivisionZybo.sdk/FloatingPointDivision_wrapper_hw_platform_0/system.hdf'.
20:28:50 INFO  : 'configparams force-mem-access 1' command is executed.
20:28:50 INFO  : Context for 'APU' is selected.
20:28:50 INFO  : 'stop' command is executed.
20:28:50 INFO  : 'ps7_init' command is executed.
20:28:50 INFO  : 'ps7_post_config' command is executed.
20:28:50 INFO  : Context for processor 'ps7_cortexa9_0' is selected.
20:28:51 INFO  : Processor reset is completed for 'ps7_cortexa9_0'.
20:28:51 INFO  : Context for processor 'ps7_cortexa9_0' is selected.
20:28:51 INFO  : The application 'C:/Users/OAkun/FloatingDivisionZybo/FloatingDivisionZybo.sdk/FloatingPointDivisionZybo/Debug/FloatingPointDivisionZybo.elf' is downloaded to processor 'ps7_cortexa9_0'.
20:28:51 INFO  : 'configparams force-mem-access 0' command is executed.
20:28:51 INFO  : ----------------XSDB Script----------------
connect -url tcp:127.0.0.1:3121
source C:/Users/OAkun/FloatingDivisionZybo/FloatingDivisionZybo.sdk/FloatingPointDivision_wrapper_hw_platform_0/ps7_init.tcl
targets -set -nocase -filter {name =~"APU*" && jtag_cable_name =~ "Digilent Zybo Z7 210351AD6547A"} -index 0
loadhw -hw C:/Users/OAkun/FloatingDivisionZybo/FloatingDivisionZybo.sdk/FloatingPointDivision_wrapper_hw_platform_0/system.hdf -mem-ranges [list {0x40000000 0xbfffffff}]
configparams force-mem-access 1
targets -set -nocase -filter {name =~"APU*" && jtag_cable_name =~ "Digilent Zybo Z7 210351AD6547A"} -index 0
stop
ps7_init
ps7_post_config
targets -set -nocase -filter {name =~ "ARM*#0" && jtag_cable_name =~ "Digilent Zybo Z7 210351AD6547A"} -index 0
rst -processor
targets -set -nocase -filter {name =~ "ARM*#0" && jtag_cable_name =~ "Digilent Zybo Z7 210351AD6547A"} -index 0
dow C:/Users/OAkun/FloatingDivisionZybo/FloatingDivisionZybo.sdk/FloatingPointDivisionZybo/Debug/FloatingPointDivisionZybo.elf
configparams force-mem-access 0
----------------End of Script----------------

20:28:51 INFO  : Memory regions updated for context APU
20:28:51 INFO  : Context for processor 'ps7_cortexa9_0' is selected.
20:28:51 INFO  : 'con' command is executed.
20:28:51 INFO  : ----------------XSDB Script (After Launch)----------------
targets -set -nocase -filter {name =~ "ARM*#0" && jtag_cable_name =~ "Digilent Zybo Z7 210351AD6547A"} -index 0
con
----------------End of Script----------------

20:28:51 INFO  : Launch script is exported to file 'C:\Users\OAkun\FloatingDivisionZybo\FloatingDivisionZybo.sdk\.sdk\launch_scripts\xilinx_c-c++_application_(system_debugger)\system_debugger_using_debug_floatingpointdivisionzybo.elf_on_local.tcl'
20:29:41 INFO  : Connected to target on host '127.0.0.1' and port '3121'.
20:29:41 INFO  : 'targets -set -filter {jtag_cable_name =~ "Digilent Zybo Z7 210351AD6547A" && level==0} -index 1' command is executed.
20:29:43 INFO  : FPGA configured successfully with bitstream "C:/Users/OAkun/FloatingDivisionZybo/FloatingDivisionZybo.sdk/FloatingPointDivision_wrapper_hw_platform_0/FloatingPointDivision_wrapper.bit"
20:29:53 INFO  : Disconnected from the channel tcfchan#4.
20:29:54 INFO  : 'targets -set -filter {jtag_cable_name =~ "Digilent Zybo Z7 210351AD6547A" && level==0} -index 1' command is executed.
20:29:54 INFO  : 'fpga -state' command is executed.
20:29:54 INFO  : Connected to target on host '127.0.0.1' and port '3121'.
20:29:54 INFO  : Jtag cable 'Digilent Zybo Z7 210351AD6547A' is selected.
20:29:54 INFO  : 'jtag frequency' command is executed.
20:29:54 INFO  : Sourcing of 'C:/Users/OAkun/FloatingDivisionZybo/FloatingDivisionZybo.sdk/FloatingPointDivision_wrapper_hw_platform_0/ps7_init.tcl' is done.
20:29:54 INFO  : Context for 'APU' is selected.
20:29:57 INFO  : Hardware design information is loaded from 'C:/Users/OAkun/FloatingDivisionZybo/FloatingDivisionZybo.sdk/FloatingPointDivision_wrapper_hw_platform_0/system.hdf'.
20:29:57 INFO  : 'configparams force-mem-access 1' command is executed.
20:29:57 INFO  : Context for 'APU' is selected.
20:29:57 INFO  : 'stop' command is executed.
20:29:57 INFO  : 'ps7_init' command is executed.
20:29:57 INFO  : 'ps7_post_config' command is executed.
20:29:57 INFO  : Context for processor 'ps7_cortexa9_0' is selected.
20:29:58 INFO  : Processor reset is completed for 'ps7_cortexa9_0'.
20:29:58 INFO  : Context for processor 'ps7_cortexa9_0' is selected.
20:29:58 INFO  : The application 'C:/Users/OAkun/FloatingDivisionZybo/FloatingDivisionZybo.sdk/FloatingPointDivisionZybo/Debug/FloatingPointDivisionZybo.elf' is downloaded to processor 'ps7_cortexa9_0'.
20:29:58 INFO  : 'configparams force-mem-access 0' command is executed.
20:29:58 INFO  : ----------------XSDB Script----------------
connect -url tcp:127.0.0.1:3121
source C:/Users/OAkun/FloatingDivisionZybo/FloatingDivisionZybo.sdk/FloatingPointDivision_wrapper_hw_platform_0/ps7_init.tcl
targets -set -nocase -filter {name =~"APU*" && jtag_cable_name =~ "Digilent Zybo Z7 210351AD6547A"} -index 0
loadhw -hw C:/Users/OAkun/FloatingDivisionZybo/FloatingDivisionZybo.sdk/FloatingPointDivision_wrapper_hw_platform_0/system.hdf -mem-ranges [list {0x40000000 0xbfffffff}]
configparams force-mem-access 1
targets -set -nocase -filter {name =~"APU*" && jtag_cable_name =~ "Digilent Zybo Z7 210351AD6547A"} -index 0
stop
ps7_init
ps7_post_config
targets -set -nocase -filter {name =~ "ARM*#0" && jtag_cable_name =~ "Digilent Zybo Z7 210351AD6547A"} -index 0
rst -processor
targets -set -nocase -filter {name =~ "ARM*#0" && jtag_cable_name =~ "Digilent Zybo Z7 210351AD6547A"} -index 0
dow C:/Users/OAkun/FloatingDivisionZybo/FloatingDivisionZybo.sdk/FloatingPointDivisionZybo/Debug/FloatingPointDivisionZybo.elf
configparams force-mem-access 0
----------------End of Script----------------

20:29:58 INFO  : Memory regions updated for context APU
20:29:58 INFO  : Context for processor 'ps7_cortexa9_0' is selected.
20:29:58 INFO  : 'con' command is executed.
20:29:58 INFO  : ----------------XSDB Script (After Launch)----------------
targets -set -nocase -filter {name =~ "ARM*#0" && jtag_cable_name =~ "Digilent Zybo Z7 210351AD6547A"} -index 0
con
----------------End of Script----------------

20:29:58 INFO  : Launch script is exported to file 'C:\Users\OAkun\FloatingDivisionZybo\FloatingDivisionZybo.sdk\.sdk\launch_scripts\xilinx_c-c++_application_(system_debugger)\system_debugger_using_debug_floatingpointdivisionzybo.elf_on_local.tcl'
20:30:44 INFO  : Disconnected from the channel tcfchan#5.
20:30:45 INFO  : 'targets -set -filter {jtag_cable_name =~ "Digilent Zybo Z7 210351AD6547A" && level==0} -index 1' command is executed.
20:30:45 INFO  : 'fpga -state' command is executed.
20:30:49 INFO  : Memory regions updated for context APU
20:30:56 INFO  : Connected to target on host '127.0.0.1' and port '3121'.
20:30:56 INFO  : 'targets -set -filter {jtag_cable_name =~ "Digilent Zybo Z7 210351AD6547A" && level==0} -index 1' command is executed.
20:30:59 INFO  : FPGA configured successfully with bitstream "C:/Users/OAkun/FloatingDivisionZybo/FloatingDivisionZybo.sdk/FloatingPointDivision_wrapper_hw_platform_0/FloatingPointDivision_wrapper.bit"
20:31:08 INFO  : 'targets -set -filter {jtag_cable_name =~ "Digilent Zybo Z7 210351AD6547A" && level==0} -index 1' command is executed.
20:31:08 INFO  : 'fpga -state' command is executed.
20:31:08 INFO  : Connected to target on host '127.0.0.1' and port '3121'.
20:31:08 INFO  : Jtag cable 'Digilent Zybo Z7 210351AD6547A' is selected.
20:31:08 INFO  : 'jtag frequency' command is executed.
20:31:08 INFO  : Sourcing of 'C:/Users/OAkun/FloatingDivisionZybo/FloatingDivisionZybo.sdk/FloatingPointDivision_wrapper_hw_platform_0/ps7_init.tcl' is done.
20:31:08 INFO  : Context for 'APU' is selected.
20:31:08 INFO  : Hardware design information is loaded from 'C:/Users/OAkun/FloatingDivisionZybo/FloatingDivisionZybo.sdk/FloatingPointDivision_wrapper_hw_platform_0/system.hdf'.
20:31:08 INFO  : 'configparams force-mem-access 1' command is executed.
20:31:08 INFO  : Context for 'APU' is selected.
20:31:08 INFO  : 'stop' command is executed.
20:31:09 INFO  : 'ps7_init' command is executed.
20:31:09 INFO  : 'ps7_post_config' command is executed.
20:31:09 INFO  : Context for processor 'ps7_cortexa9_0' is selected.
20:31:09 INFO  : Processor reset is completed for 'ps7_cortexa9_0'.
20:31:09 INFO  : Context for processor 'ps7_cortexa9_0' is selected.
20:31:09 INFO  : The application 'C:/Users/OAkun/FloatingDivisionZybo/FloatingDivisionZybo.sdk/FloatingPointDivisionZybo/Debug/FloatingPointDivisionZybo.elf' is downloaded to processor 'ps7_cortexa9_0'.
20:31:09 INFO  : 'configparams force-mem-access 0' command is executed.
20:31:09 INFO  : ----------------XSDB Script----------------
connect -url tcp:127.0.0.1:3121
source C:/Users/OAkun/FloatingDivisionZybo/FloatingDivisionZybo.sdk/FloatingPointDivision_wrapper_hw_platform_0/ps7_init.tcl
targets -set -nocase -filter {name =~"APU*" && jtag_cable_name =~ "Digilent Zybo Z7 210351AD6547A"} -index 0
loadhw -hw C:/Users/OAkun/FloatingDivisionZybo/FloatingDivisionZybo.sdk/FloatingPointDivision_wrapper_hw_platform_0/system.hdf -mem-ranges [list {0x40000000 0xbfffffff}]
configparams force-mem-access 1
targets -set -nocase -filter {name =~"APU*" && jtag_cable_name =~ "Digilent Zybo Z7 210351AD6547A"} -index 0
stop
ps7_init
ps7_post_config
targets -set -nocase -filter {name =~ "ARM*#0" && jtag_cable_name =~ "Digilent Zybo Z7 210351AD6547A"} -index 0
rst -processor
targets -set -nocase -filter {name =~ "ARM*#0" && jtag_cable_name =~ "Digilent Zybo Z7 210351AD6547A"} -index 0
dow C:/Users/OAkun/FloatingDivisionZybo/FloatingDivisionZybo.sdk/FloatingPointDivisionZybo/Debug/FloatingPointDivisionZybo.elf
configparams force-mem-access 0
----------------End of Script----------------

20:31:09 INFO  : Memory regions updated for context APU
20:31:09 INFO  : Context for processor 'ps7_cortexa9_0' is selected.
20:31:09 INFO  : 'con' command is executed.
20:31:09 INFO  : ----------------XSDB Script (After Launch)----------------
targets -set -nocase -filter {name =~ "ARM*#0" && jtag_cable_name =~ "Digilent Zybo Z7 210351AD6547A"} -index 0
con
----------------End of Script----------------

20:31:09 INFO  : Launch script is exported to file 'C:\Users\OAkun\FloatingDivisionZybo\FloatingDivisionZybo.sdk\.sdk\launch_scripts\xilinx_c-c++_application_(system_debugger)\system_debugger_using_debug_floatingpointdivisionzybo.elf_on_local.tcl'
20:32:02 INFO  : Disconnected from the channel tcfchan#6.
20:32:03 INFO  : 'targets -set -filter {jtag_cable_name =~ "Digilent Zybo Z7 210351AD6547A" && level==0} -index 1' command is executed.
20:32:03 INFO  : 'fpga -state' command is executed.
20:32:03 INFO  : Connected to target on host '127.0.0.1' and port '3121'.
20:32:04 INFO  : Jtag cable 'Digilent Zybo Z7 210351AD6547A' is selected.
20:32:04 INFO  : 'jtag frequency' command is executed.
20:32:04 INFO  : Sourcing of 'C:/Users/OAkun/FloatingDivisionZybo/FloatingDivisionZybo.sdk/FloatingPointDivision_wrapper_hw_platform_0/ps7_init.tcl' is done.
20:32:04 INFO  : Context for 'APU' is selected.
20:32:06 INFO  : Hardware design information is loaded from 'C:/Users/OAkun/FloatingDivisionZybo/FloatingDivisionZybo.sdk/FloatingPointDivision_wrapper_hw_platform_0/system.hdf'.
20:32:06 INFO  : 'configparams force-mem-access 1' command is executed.
20:32:06 INFO  : Context for 'APU' is selected.
20:32:06 INFO  : 'stop' command is executed.
20:32:06 INFO  : 'ps7_init' command is executed.
20:32:06 INFO  : 'ps7_post_config' command is executed.
20:32:06 INFO  : Context for processor 'ps7_cortexa9_0' is selected.
20:32:07 INFO  : Processor reset is completed for 'ps7_cortexa9_0'.
20:32:07 INFO  : Context for processor 'ps7_cortexa9_0' is selected.
20:32:07 INFO  : The application 'C:/Users/OAkun/FloatingDivisionZybo/FloatingDivisionZybo.sdk/FloatingPointDivisionZybo/Debug/FloatingPointDivisionZybo.elf' is downloaded to processor 'ps7_cortexa9_0'.
20:32:07 INFO  : 'configparams force-mem-access 0' command is executed.
20:32:07 INFO  : ----------------XSDB Script----------------
connect -url tcp:127.0.0.1:3121
source C:/Users/OAkun/FloatingDivisionZybo/FloatingDivisionZybo.sdk/FloatingPointDivision_wrapper_hw_platform_0/ps7_init.tcl
targets -set -nocase -filter {name =~"APU*" && jtag_cable_name =~ "Digilent Zybo Z7 210351AD6547A"} -index 0
loadhw -hw C:/Users/OAkun/FloatingDivisionZybo/FloatingDivisionZybo.sdk/FloatingPointDivision_wrapper_hw_platform_0/system.hdf -mem-ranges [list {0x40000000 0xbfffffff}]
configparams force-mem-access 1
targets -set -nocase -filter {name =~"APU*" && jtag_cable_name =~ "Digilent Zybo Z7 210351AD6547A"} -index 0
stop
ps7_init
ps7_post_config
targets -set -nocase -filter {name =~ "ARM*#0" && jtag_cable_name =~ "Digilent Zybo Z7 210351AD6547A"} -index 0
rst -processor
targets -set -nocase -filter {name =~ "ARM*#0" && jtag_cable_name =~ "Digilent Zybo Z7 210351AD6547A"} -index 0
dow C:/Users/OAkun/FloatingDivisionZybo/FloatingDivisionZybo.sdk/FloatingPointDivisionZybo/Debug/FloatingPointDivisionZybo.elf
configparams force-mem-access 0
----------------End of Script----------------

20:32:07 INFO  : Memory regions updated for context APU
20:32:07 INFO  : Context for processor 'ps7_cortexa9_0' is selected.
20:32:07 INFO  : 'con' command is executed.
20:32:07 INFO  : ----------------XSDB Script (After Launch)----------------
targets -set -nocase -filter {name =~ "ARM*#0" && jtag_cable_name =~ "Digilent Zybo Z7 210351AD6547A"} -index 0
con
----------------End of Script----------------

20:32:07 INFO  : Launch script is exported to file 'C:\Users\OAkun\FloatingDivisionZybo\FloatingDivisionZybo.sdk\.sdk\launch_scripts\xilinx_c-c++_application_(system_debugger)\system_debugger_using_debug_floatingpointdivisionzybo.elf_on_local.tcl'
20:32:27 INFO  : Disconnected from the channel tcfchan#7.
20:32:28 INFO  : 'targets -set -filter {jtag_cable_name =~ "Digilent Zybo Z7 210351AD6547A" && level==0} -index 1' command is executed.
20:32:28 INFO  : 'fpga -state' command is executed.
20:32:28 INFO  : Connected to target on host '127.0.0.1' and port '3121'.
20:32:28 INFO  : Jtag cable 'Digilent Zybo Z7 210351AD6547A' is selected.
20:32:28 INFO  : 'jtag frequency' command is executed.
20:32:28 INFO  : Sourcing of 'C:/Users/OAkun/FloatingDivisionZybo/FloatingDivisionZybo.sdk/FloatingPointDivision_wrapper_hw_platform_0/ps7_init.tcl' is done.
20:32:28 INFO  : Context for 'APU' is selected.
20:32:31 INFO  : Hardware design information is loaded from 'C:/Users/OAkun/FloatingDivisionZybo/FloatingDivisionZybo.sdk/FloatingPointDivision_wrapper_hw_platform_0/system.hdf'.
20:32:31 INFO  : 'configparams force-mem-access 1' command is executed.
20:32:31 INFO  : Context for 'APU' is selected.
20:32:31 INFO  : 'stop' command is executed.
20:32:31 INFO  : 'ps7_init' command is executed.
20:32:31 INFO  : 'ps7_post_config' command is executed.
20:32:32 INFO  : Context for processor 'ps7_cortexa9_0' is selected.
20:32:32 INFO  : Processor reset is completed for 'ps7_cortexa9_0'.
20:32:32 INFO  : Context for processor 'ps7_cortexa9_0' is selected.
20:32:32 INFO  : The application 'C:/Users/OAkun/FloatingDivisionZybo/FloatingDivisionZybo.sdk/FloatingPointDivisionZybo/Debug/FloatingPointDivisionZybo.elf' is downloaded to processor 'ps7_cortexa9_0'.
20:32:32 INFO  : 'configparams force-mem-access 0' command is executed.
20:32:32 INFO  : ----------------XSDB Script----------------
connect -url tcp:127.0.0.1:3121
source C:/Users/OAkun/FloatingDivisionZybo/FloatingDivisionZybo.sdk/FloatingPointDivision_wrapper_hw_platform_0/ps7_init.tcl
targets -set -nocase -filter {name =~"APU*" && jtag_cable_name =~ "Digilent Zybo Z7 210351AD6547A"} -index 0
loadhw -hw C:/Users/OAkun/FloatingDivisionZybo/FloatingDivisionZybo.sdk/FloatingPointDivision_wrapper_hw_platform_0/system.hdf -mem-ranges [list {0x40000000 0xbfffffff}]
configparams force-mem-access 1
targets -set -nocase -filter {name =~"APU*" && jtag_cable_name =~ "Digilent Zybo Z7 210351AD6547A"} -index 0
stop
ps7_init
ps7_post_config
targets -set -nocase -filter {name =~ "ARM*#0" && jtag_cable_name =~ "Digilent Zybo Z7 210351AD6547A"} -index 0
rst -processor
targets -set -nocase -filter {name =~ "ARM*#0" && jtag_cable_name =~ "Digilent Zybo Z7 210351AD6547A"} -index 0
dow C:/Users/OAkun/FloatingDivisionZybo/FloatingDivisionZybo.sdk/FloatingPointDivisionZybo/Debug/FloatingPointDivisionZybo.elf
configparams force-mem-access 0
----------------End of Script----------------

20:32:32 INFO  : Memory regions updated for context APU
20:32:32 INFO  : Context for processor 'ps7_cortexa9_0' is selected.
20:32:32 INFO  : 'con' command is executed.
20:32:32 INFO  : ----------------XSDB Script (After Launch)----------------
targets -set -nocase -filter {name =~ "ARM*#0" && jtag_cable_name =~ "Digilent Zybo Z7 210351AD6547A"} -index 0
con
----------------End of Script----------------

20:32:32 INFO  : Launch script is exported to file 'C:\Users\OAkun\FloatingDivisionZybo\FloatingDivisionZybo.sdk\.sdk\launch_scripts\xilinx_c-c++_application_(system_debugger)\system_debugger_using_debug_floatingpointdivisionzybo.elf_on_local.tcl'
